2024-03-17 13:04:47.718 [info] Extension host with pid 3038 started
2024-03-17 13:04:47.718 [info] Skipping acquiring lock for /home/lewisb/.config/Code - OSS/User/workspaceStorage/c150fc2d5ca7288c9a39b41a847e92f7.
2024-03-17 13:04:48.286 [info] ExtensionService#_doActivateExtension vscode.configuration-editing, startup: false, activationEvent: 'onLanguage:json'
2024-03-17 13:04:48.286 [info] ExtensionService#_doActivateExtension vscode.extension-editing, startup: false, activationEvent: 'onLanguage:json'
2024-03-17 13:04:48.286 [info] ExtensionService#_doActivateExtension vscode.json-language-features, startup: false, activationEvent: 'onLanguage:json'
2024-03-17 13:04:48.287 [info] ExtensionService#_doActivateExtension vscode.npm, startup: false, activationEvent: 'onLanguage:json'
2024-03-17 13:04:48.287 [info] ExtensionService#_doActivateExtension vscode.git-base, startup: true, activationEvent: '*', root cause: vscode.git
2024-03-17 13:04:48.709 [info] ExtensionService#_doActivateExtension vscode.git, startup: true, activationEvent: '*'
2024-03-17 13:04:48.710 [info] ExtensionService#_doActivateExtension vscode.github, startup: true, activationEvent: '*'
2024-03-17 13:04:49.341 [info] Eager extensions activated
2024-03-17 13:04:49.666 [info] ExtensionService#_doActivateExtension vscode.debug-auto-launch, startup: false, activationEvent: 'onStartupFinished'
2024-03-17 13:04:49.668 [info] ExtensionService#_doActivateExtension vscode.emmet, startup: false, activationEvent: 'onStartupFinished'
2024-03-17 13:04:49.670 [info] ExtensionService#_doActivateExtension vscode.merge-conflict, startup: false, activationEvent: 'onStartupFinished'
2024-03-17 13:04:49.672 [info] ExtensionService#_doActivateExtension dbaeumer.vscode-eslint, startup: false, activationEvent: 'onStartupFinished'
2024-03-17 13:04:49.673 [info] ExtensionService#_doActivateExtension dsznajder.es7-react-js-snippets, startup: false, activationEvent: 'onStartupFinished'
2024-03-17 13:04:49.674 [info] ExtensionService#_doActivateExtension esbenp.prettier-vscode, startup: false, activationEvent: 'onStartupFinished'
2024-03-17 13:04:49.675 [info] ExtensionService#_doActivateExtension streetsidesoftware.code-spell-checker, startup: false, activationEvent: 'onStartupFinished'
2024-03-17 13:04:51.754 [info] ExtensionService#_doActivateExtension streetsidesoftware.code-spell-checker-british-english, startup: false, activationEvent: 'onStartupFinished'
2024-03-17 13:09:20.400 [info] Extension host terminating: received terminate message from renderer
2024-03-17 13:09:20.456 [info] Extension host with pid 3038 exiting with code 0
