2024-03-17 23:14:07.736 [info] Validating found git in: git
2024-03-17 23:14:07.736 [info] Using git 2.38.1 from git
2024-03-17 23:14:07.736 [info] > git rev-parse --show-toplevel [5ms]
2024-03-17 23:14:07.736 [info] > git rev-parse --git-dir --git-common-dir [13ms]
2024-03-17 23:14:07.736 [info] Log level: Info
2024-03-17 23:14:07.736 [info] Open repository: /home/lewisb/documents/repos/brittonsbash
2024-03-17 23:14:07.736 [info] > git status -z -uall [395ms]
2024-03-17 23:14:07.736 [info] > git rev-parse --show-toplevel [374ms]
2024-03-17 23:14:07.736 [info] > git remote --verbose [445ms]
2024-03-17 23:14:07.736 [info] > git for-each-ref --sort -committerdate --format %(refname) %(objectname) %(*objectname) [475ms]
2024-03-17 23:14:07.736 [info] > git rev-parse --show-toplevel [5ms]
2024-03-17 23:14:07.736 [info] > git config --get commit.template [52ms]
2024-03-17 23:14:07.736 [info] > git rev-parse --show-toplevel [26ms]
2024-03-17 23:14:07.736 [info] > git for-each-ref --format=%(refname)%00%(upstream:short)%00%(objectname)%00%(upstream:track)%00%(upstream:remotename)%00%(upstream:remoteref) refs/heads/master refs/remotes/master [25ms]
2024-03-17 23:14:07.736 [info] > git remote --verbose [33ms]
2024-03-17 23:14:07.736 [info] > git for-each-ref --sort -committerdate --format %(refname) %(objectname) %(*objectname) [54ms]
2024-03-17 23:14:07.736 [info] > git rev-parse --show-toplevel [99ms]
2024-03-17 23:14:07.736 [info] > git status -z -uall [67ms]
2024-03-17 23:14:07.736 [info] > git config --get commit.template [17ms]
2024-03-17 23:14:07.736 [info] > git rev-parse --show-toplevel [41ms]
2024-03-17 23:14:07.736 [info] > git rev-parse --show-toplevel [51ms]
2024-03-17 23:14:07.736 [info] > git for-each-ref --format=%(refname)%00%(upstream:short)%00%(objectname)%00%(upstream:track)%00%(upstream:remotename)%00%(upstream:remoteref) refs/heads/master refs/remotes/master [8ms]
2024-03-17 23:14:07.749 [info] > git check-ignore -v -z --stdin [138ms]
2024-03-17 23:14:07.754 [info] > git show --textconv :src/components/bash-blocks/reference/styles/_colors.scss [83ms]
2024-03-17 23:14:07.777 [info] > git ls-files --stage -- /home/lewisb/documents/repos/brittonsbash/src/components/bash-blocks/reference/styles/_colors.scss [42ms]
2024-03-17 23:14:07.845 [info] > git cat-file -s 6a6b248950aa5e48d4620bc581fcd62109035d3c [4ms]
2024-03-17 23:25:24.537 [info] > git status -z -uall [17ms]
2024-03-17 23:25:24.538 [info] > git remote --verbose [29ms]
2024-03-17 23:25:24.538 [info] > git for-each-ref --sort -committerdate --format %(refname) %(objectname) %(*objectname) [40ms]
2024-03-17 23:25:24.540 [info] > git config --get commit.template [4ms]
2024-03-17 23:25:24.554 [info] > git for-each-ref --format=%(refname)%00%(upstream:short)%00%(objectname)%00%(upstream:track)%00%(upstream:remotename)%00%(upstream:remoteref) refs/heads/master refs/remotes/master [2ms]
2024-03-17 23:25:27.737 [info] > git ls-files --stage -- /home/lewisb/documents/repos/brittonsbash/src/components/bash-blocks/reference/styles/_colors.scss [1ms]
2024-03-17 23:25:27.748 [info] > git cat-file -s 4ffa6d5fc369fe7e8a305d186e9721a6c63d3a33 [1ms]
2024-03-17 23:25:27.761 [info] > git show --textconv :src/components/bash-blocks/reference/styles/_colors.scss [1ms]
2024-03-17 23:25:29.616 [info] > git status -z -uall [16ms]
2024-03-17 23:25:29.617 [info] > git remote --verbose [32ms]
2024-03-17 23:25:29.617 [info] > git for-each-ref --sort -committerdate --format %(refname) %(objectname) %(*objectname) [47ms]
2024-03-17 23:25:29.618 [info] > git config --get commit.template [2ms]
2024-03-17 23:25:29.634 [info] > git for-each-ref --format=%(refname)%00%(upstream:short)%00%(objectname)%00%(upstream:track)%00%(upstream:remotename)%00%(upstream:remoteref) refs/heads/master refs/remotes/master [2ms]
2024-03-17 23:25:31.168 [info] > git ls-files --stage -- /home/lewisb/documents/repos/brittonsbash/src/components/bash-blocks/reference/styles/_colors.scss [1ms]
2024-03-17 23:25:31.184 [info] > git cat-file -s 4ffa6d5fc369fe7e8a305d186e9721a6c63d3a33 [3ms]
2024-03-17 23:25:31.210 [info] > git show --textconv :src/components/bash-blocks/reference/styles/_colors.scss [4ms]
2024-03-17 23:25:42.983 [info] > git status -z -uall [21ms]
2024-03-17 23:25:42.985 [info] > git remote --verbose [46ms]
2024-03-17 23:25:42.986 [info] > git for-each-ref --sort -committerdate --format %(refname) %(objectname) %(*objectname) [74ms]
2024-03-17 23:25:42.990 [info] > git config --get commit.template [7ms]
2024-03-17 23:25:43.009 [info] > git for-each-ref --format=%(refname)%00%(upstream:short)%00%(objectname)%00%(upstream:track)%00%(upstream:remotename)%00%(upstream:remoteref) refs/heads/master refs/remotes/master [1ms]
2024-03-17 23:25:43.115 [info] > git ls-files --stage -- /home/lewisb/documents/repos/brittonsbash/src/components/bash-blocks/reference/styles/_colors.scss [9ms]
2024-03-17 23:25:43.156 [info] > git cat-file -s 4ffa6d5fc369fe7e8a305d186e9721a6c63d3a33 [12ms]
2024-03-17 23:25:43.275 [info] > git show --textconv :src/components/bash-blocks/reference/styles/_colors.scss [14ms]
