2024-03-17 13:04:50.603 [info] Validating found git in: git
2024-03-17 13:04:50.603 [info] Using git 2.38.1 from git
2024-03-17 13:04:50.603 [info] > git rev-parse --show-toplevel [10ms]
2024-03-17 13:04:50.603 [info] > git rev-parse --git-dir --git-common-dir [7ms]
2024-03-17 13:04:50.603 [info] Log level: Info
2024-03-17 13:04:50.603 [info] Open repository: /home/lewisb/documents/repos/brittonsbash-content
2024-03-17 13:04:50.603 [info] > git remote --verbose [52ms]
2024-03-17 13:04:50.603 [info] > git for-each-ref --sort -committerdate --format %(refname) %(objectname) %(*objectname) [67ms]
2024-03-17 13:04:50.603 [info] > git rev-parse --show-toplevel [21ms]
2024-03-17 13:04:50.604 [info] > git status -z -uall [56ms]
2024-03-17 13:04:50.604 [info] > git config --get commit.template [23ms]
2024-03-17 13:04:50.604 [info] > git rev-parse --show-toplevel [26ms]
2024-03-17 13:04:50.604 [info] > git rev-parse --show-toplevel [1ms]
2024-03-17 13:04:50.604 [info] > git for-each-ref --format=%(refname)%00%(upstream:short)%00%(objectname)%00%(upstream:track)%00%(upstream:remotename)%00%(upstream:remoteref) refs/heads/master refs/remotes/master [34ms]
2024-03-17 13:04:50.604 [info] > git status -z -uall [822ms]
2024-03-17 13:04:50.604 [info] > git remote --verbose [852ms]
2024-03-17 13:04:50.604 [info] > git for-each-ref --sort -committerdate --format %(refname) %(objectname) %(*objectname) [874ms]
2024-03-17 13:04:50.604 [info] > git rev-parse --show-toplevel [918ms]
2024-03-17 13:04:50.604 [info] > git config --get commit.template [830ms]
2024-03-17 13:04:50.604 [info] > git for-each-ref --format=%(refname)%00%(upstream:short)%00%(objectname)%00%(upstream:track)%00%(upstream:remotename)%00%(upstream:remoteref) refs/heads/master refs/remotes/master [3ms]
2024-03-17 13:04:50.730 [info] > git show --textconv :data/content/sport.data.json [141ms]
2024-03-17 13:04:50.730 [info] > git ls-files --stage -- /home/lewisb/documents/repos/brittonsbash-content/data/content/sport.data.json [128ms]
2024-03-17 13:04:50.749 [info] > git cat-file -s 0967ef424bce6791893e9a57bb952f80fd536e93 [5ms]
2024-03-17 13:04:51.020 [info] > git check-ignore -v -z --stdin [24ms]
2024-03-17 13:04:51.986 [info] > git check-ignore -v -z --stdin [11ms]
2024-03-17 13:04:58.734 [info] > git check-ignore -v -z --stdin [2ms]
2024-03-17 13:04:59.273 [info] > git status -z -uall [15ms]
2024-03-17 13:04:59.273 [info] > git remote --verbose [27ms]
2024-03-17 13:04:59.274 [info] > git for-each-ref --sort -committerdate --format %(refname) %(objectname) %(*objectname) [38ms]
2024-03-17 13:04:59.281 [info] > git config --get commit.template [9ms]
2024-03-17 13:04:59.295 [info] > git for-each-ref --format=%(refname)%00%(upstream:short)%00%(objectname)%00%(upstream:track)%00%(upstream:remotename)%00%(upstream:remoteref) refs/heads/master refs/remotes/master [2ms]
2024-03-17 13:08:12.608 [info] > git status -z -uall [23ms]
2024-03-17 13:08:12.609 [info] > git remote --verbose [35ms]
2024-03-17 13:08:12.610 [info] > git for-each-ref --sort -committerdate --format %(refname) %(objectname) %(*objectname) [47ms]
2024-03-17 13:08:12.612 [info] > git config --get commit.template [4ms]
2024-03-17 13:08:12.627 [info] > git for-each-ref --format=%(refname)%00%(upstream:short)%00%(objectname)%00%(upstream:track)%00%(upstream:remotename)%00%(upstream:remoteref) refs/heads/master refs/remotes/master [2ms]
2024-03-17 13:08:17.672 [info] > git remote --verbose [16ms]
2024-03-17 13:08:17.672 [info] > git for-each-ref --sort -committerdate --format %(refname) %(objectname) %(*objectname) [23ms]
2024-03-17 13:08:17.673 [info] > git config --get commit.template [3ms]
2024-03-17 13:08:17.682 [info] > git status -z -uall [20ms]
2024-03-17 13:08:17.683 [info] > git for-each-ref --format=%(refname)%00%(upstream:short)%00%(objectname)%00%(upstream:track)%00%(upstream:remotename)%00%(upstream:remoteref) refs/heads/master refs/remotes/master [2ms]
2024-03-17 13:08:18.439 [info] > git ls-files --stage -- /home/lewisb/documents/repos/brittonsbash-content/data/content/sport.data.json [2ms]
2024-03-17 13:08:18.447 [info] > git cat-file -s 0967ef424bce6791893e9a57bb952f80fd536e93 [1ms]
2024-03-17 13:08:18.458 [info] > git show --textconv :data/content/sport.data.json [2ms]
2024-03-17 13:08:22.715 [info] > git remote --verbose [16ms]
2024-03-17 13:08:22.715 [info] > git for-each-ref --sort -committerdate --format %(refname) %(objectname) %(*objectname) [23ms]
2024-03-17 13:08:22.716 [info] > git status -z -uall [11ms]
2024-03-17 13:08:22.716 [info] > git config --get commit.template [3ms]
2024-03-17 13:08:22.728 [info] > git for-each-ref --format=%(refname)%00%(upstream:short)%00%(objectname)%00%(upstream:track)%00%(upstream:remotename)%00%(upstream:remoteref) refs/heads/master refs/remotes/master [4ms]
2024-03-17 13:08:23.499 [info] > git ls-files --stage -- /home/lewisb/documents/repos/brittonsbash-content/data/content/sport.data.json [3ms]
2024-03-17 13:08:23.510 [info] > git cat-file -s 0967ef424bce6791893e9a57bb952f80fd536e93 [1ms]
2024-03-17 13:08:23.529 [info] > git show --textconv :data/content/sport.data.json [3ms]
2024-03-17 13:08:27.784 [info] > git remote --verbose [31ms]
2024-03-17 13:08:27.785 [info] > git for-each-ref --sort -committerdate --format %(refname) %(objectname) %(*objectname) [41ms]
2024-03-17 13:08:27.786 [info] > git config --get commit.template [3ms]
2024-03-17 13:08:27.794 [info] > git status -z -uall [27ms]
2024-03-17 13:08:27.795 [info] > git for-each-ref --format=%(refname)%00%(upstream:short)%00%(objectname)%00%(upstream:track)%00%(upstream:remotename)%00%(upstream:remoteref) refs/heads/master refs/remotes/master [2ms]
2024-03-17 13:08:49.361 [info] > git remote --verbose [18ms]
2024-03-17 13:08:49.361 [info] > git for-each-ref --sort -committerdate --format %(refname) %(objectname) %(*objectname) [28ms]
2024-03-17 13:08:49.362 [info] > git config --get commit.template [1ms]
2024-03-17 13:08:49.362 [info] > git status -z -uall [12ms]
2024-03-17 13:08:49.371 [info] > git for-each-ref --format=%(refname)%00%(upstream:short)%00%(objectname)%00%(upstream:track)%00%(upstream:remotename)%00%(upstream:remoteref) refs/heads/master refs/remotes/master [1ms]
2024-03-17 13:08:49.429 [info] > git ls-files --stage -- /home/lewisb/documents/repos/brittonsbash-content/data/content/sport.data.json [1ms]
2024-03-17 13:08:49.436 [info] > git cat-file -s 0967ef424bce6791893e9a57bb952f80fd536e93 [1ms]
2024-03-17 13:08:49.448 [info] > git show --textconv :data/content/sport.data.json [2ms]
2024-03-17 13:09:16.419 [info] > git check-ignore -v -z --stdin [4ms]
2024-03-17 13:09:17.106 [info] > git check-ignore -v -z --stdin [2ms]
