2024-03-17 22:16:35.910 [info] Validating found git in: git
2024-03-17 22:16:35.910 [info] Using git 2.38.1 from git
2024-03-17 22:16:35.911 [info] > git rev-parse --show-toplevel [17ms]
2024-03-17 22:16:35.911 [info] > git rev-parse --git-dir --git-common-dir [13ms]
2024-03-17 22:16:35.911 [info] Log level: Info
2024-03-17 22:16:35.911 [info] Open repository: /home/lewisb/documents/repos/brittonsbash
2024-03-17 22:16:35.911 [info] > git status -z -uall [635ms]
2024-03-17 22:16:35.911 [info] > git rev-parse --show-toplevel [628ms]
2024-03-17 22:16:35.911 [info] > git remote --verbose [667ms]
2024-03-17 22:16:35.911 [info] > git for-each-ref --sort -committerdate --format %(refname) %(objectname) %(*objectname) [678ms]
2024-03-17 22:16:35.911 [info] > git rev-parse --show-toplevel [48ms]
2024-03-17 22:16:35.911 [info] > git config --get commit.template [699ms]
2024-03-17 22:16:35.911 [info] > git rev-parse --show-toplevel [137ms]
2024-03-17 22:16:35.912 [info] > git rev-parse --show-toplevel [42ms]
2024-03-17 22:16:35.927 [info] > git for-each-ref --format=%(refname)%00%(upstream:short)%00%(objectname)%00%(upstream:track)%00%(upstream:remotename)%00%(upstream:remoteref) refs/heads/master refs/remotes/master [41ms]
2024-03-17 22:16:36.023 [info] > git status -z -uall [13ms]
2024-03-17 22:16:36.023 [info] > git remote --verbose [34ms]
2024-03-17 22:16:36.024 [info] > git for-each-ref --sort -committerdate --format %(refname) %(objectname) %(*objectname) [74ms]
2024-03-17 22:16:36.024 [info] > git rev-parse --show-toplevel [101ms]
2024-03-17 22:16:36.079 [info] > git show --textconv :NOTES.md [23ms]
2024-03-17 22:16:36.120 [info] > git config --get commit.template [44ms]
2024-03-17 22:16:36.121 [info] > git ls-files --stage -- /home/lewisb/documents/repos/brittonsbash/NOTES.md [55ms]
2024-03-17 22:16:36.151 [info] > git for-each-ref --format=%(refname)%00%(upstream:short)%00%(objectname)%00%(upstream:track)%00%(upstream:remotename)%00%(upstream:remoteref) refs/heads/master refs/remotes/master [12ms]
2024-03-17 22:16:36.153 [info] > git cat-file -s e69de29bb2d1d6434b8b29ae775ad8c2e48c5391 [23ms]
2024-03-17 22:16:36.192 [info] > git check-ignore -v -z --stdin [3ms]
2024-03-17 22:18:42.823 [info] > git show --textconv :TODO.md [9ms]
2024-03-17 22:18:42.825 [info] > git ls-files --stage -- /home/lewisb/documents/repos/brittonsbash/TODO.md [2ms]
2024-03-17 22:18:42.836 [info] > git cat-file -s 210758f5a1812f5a96c7c768e7a9df1139876fe7 [2ms]
2024-03-17 22:21:10.820 [info] > git status -z -uall [15ms]
2024-03-17 22:21:10.821 [info] > git remote --verbose [26ms]
2024-03-17 22:21:10.821 [info] > git for-each-ref --sort -committerdate --format %(refname) %(objectname) %(*objectname) [41ms]
2024-03-17 22:21:10.823 [info] > git config --get commit.template [3ms]
2024-03-17 22:21:10.837 [info] > git for-each-ref --format=%(refname)%00%(upstream:short)%00%(objectname)%00%(upstream:track)%00%(upstream:remotename)%00%(upstream:remoteref) refs/heads/master refs/remotes/master [1ms]
2024-03-17 22:21:49.715 [info] > git show --textconv :README.md [23ms]
2024-03-17 22:21:49.743 [info] > git ls-files --stage -- /home/lewisb/documents/repos/brittonsbash/README.md [31ms]
2024-03-17 22:21:49.768 [info] > git cat-file -s 9fb0e9a3a460f5a055e4021ce03cc269bd6e84a0 [3ms]
2024-03-17 22:22:00.420 [info] > git show --textconv :TODO.md [19ms]
2024-03-17 22:22:00.421 [info] > git ls-files --stage -- /home/lewisb/documents/repos/brittonsbash/TODO.md [10ms]
2024-03-17 22:22:00.437 [info] > git cat-file -s 210758f5a1812f5a96c7c768e7a9df1139876fe7 [7ms]
2024-03-17 22:24:19.196 [info] > git status -z -uall [14ms]
2024-03-17 22:24:19.197 [info] > git remote --verbose [27ms]
2024-03-17 22:24:19.197 [info] > git for-each-ref --sort -committerdate --format %(refname) %(objectname) %(*objectname) [43ms]
2024-03-17 22:24:19.199 [info] > git config --get commit.template [5ms]
2024-03-17 22:24:19.212 [info] > git for-each-ref --format=%(refname)%00%(upstream:short)%00%(objectname)%00%(upstream:track)%00%(upstream:remotename)%00%(upstream:remoteref) refs/heads/master refs/remotes/master [1ms]
2024-03-17 22:29:44.235 [info] > git status -z -uall [12ms]
2024-03-17 22:29:44.236 [info] > git remote --verbose [23ms]
2024-03-17 22:29:44.236 [info] > git for-each-ref --sort -committerdate --format %(refname) %(objectname) %(*objectname) [34ms]
2024-03-17 22:29:44.238 [info] > git config --get commit.template [3ms]
2024-03-17 22:29:44.250 [info] > git for-each-ref --format=%(refname)%00%(upstream:short)%00%(objectname)%00%(upstream:track)%00%(upstream:remotename)%00%(upstream:remoteref) refs/heads/master refs/remotes/master [1ms]
2024-03-17 22:29:54.533 [info] > git status -z -uall [21ms]
2024-03-17 22:29:54.533 [info] > git remote --verbose [40ms]
2024-03-17 22:29:54.533 [info] > git for-each-ref --sort -committerdate --format %(refname) %(objectname) %(*objectname) [59ms]
2024-03-17 22:29:54.534 [info] > git config --get commit.template [2ms]
2024-03-17 22:29:54.555 [info] > git for-each-ref --format=%(refname)%00%(upstream:short)%00%(objectname)%00%(upstream:track)%00%(upstream:remotename)%00%(upstream:remoteref) refs/heads/master refs/remotes/master [1ms]
2024-03-17 22:30:03.739 [info] > git show --textconv :NOTES.md [19ms]
2024-03-17 22:30:03.743 [info] > git ls-files --stage -- /home/lewisb/documents/repos/brittonsbash/NOTES.md [4ms]
2024-03-17 22:30:03.759 [info] > git cat-file -s e69de29bb2d1d6434b8b29ae775ad8c2e48c5391 [1ms]
2024-03-17 22:32:15.662 [info] > git check-ignore -v -z --stdin [16ms]
2024-03-17 22:32:16.265 [info] > git status -z -uall [24ms]
2024-03-17 22:32:16.266 [info] > git remote --verbose [57ms]
2024-03-17 22:32:16.276 [info] > git for-each-ref --sort -committerdate --format %(refname) %(objectname) %(*objectname) [83ms]
2024-03-17 22:32:16.313 [info] > git config --get commit.template [49ms]
2024-03-17 22:32:16.322 [info] > git for-each-ref --format=%(refname)%00%(upstream:short)%00%(objectname)%00%(upstream:track)%00%(upstream:remotename)%00%(upstream:remoteref) refs/heads/master refs/remotes/master [10ms]
2024-03-17 22:32:16.443 [info] > git show --textconv :src/scripts/compilers/compile-projects.ts [32ms]
2024-03-17 22:32:16.452 [info] > git ls-files --stage -- /home/lewisb/documents/repos/brittonsbash/src/scripts/compilers/compile-projects.ts [12ms]
2024-03-17 22:32:16.518 [info] > git cat-file -s 5f207a8d4c68153d234d4effa4cb66cbfefe7c32 [20ms]
2024-03-17 22:32:16.919 [info] > git check-ignore -v -z --stdin [11ms]
2024-03-17 22:33:01.771 [info] > git status -z -uall [17ms]
2024-03-17 22:33:01.772 [info] > git remote --verbose [26ms]
2024-03-17 22:33:01.773 [info] > git for-each-ref --sort -committerdate --format %(refname) %(objectname) %(*objectname) [41ms]
2024-03-17 22:33:01.777 [info] > git config --get commit.template [6ms]
2024-03-17 22:33:01.788 [info] > git for-each-ref --format=%(refname)%00%(upstream:short)%00%(objectname)%00%(upstream:track)%00%(upstream:remotename)%00%(upstream:remoteref) refs/heads/master refs/remotes/master [2ms]
2024-03-17 22:33:01.831 [info] > git ls-files --stage -- /home/lewisb/documents/repos/brittonsbash/src/scripts/compilers/compile-projects.ts [1ms]
2024-03-17 22:33:01.846 [info] > git cat-file -s 5f207a8d4c68153d234d4effa4cb66cbfefe7c32 [2ms]
2024-03-17 22:33:01.868 [info] > git show --textconv :src/scripts/compilers/compile-projects.ts [2ms]
2024-03-17 22:33:08.389 [info] > git status -z -uall [10ms]
2024-03-17 22:33:08.390 [info] > git remote --verbose [24ms]
2024-03-17 22:33:08.390 [info] > git for-each-ref --sort -committerdate --format %(refname) %(objectname) %(*objectname) [35ms]
2024-03-17 22:33:08.392 [info] > git config --get commit.template [2ms]
2024-03-17 22:33:08.408 [info] > git for-each-ref --format=%(refname)%00%(upstream:short)%00%(objectname)%00%(upstream:track)%00%(upstream:remotename)%00%(upstream:remoteref) refs/heads/master refs/remotes/master [3ms]
2024-03-17 22:33:08.462 [info] > git ls-files --stage -- /home/lewisb/documents/repos/brittonsbash/src/scripts/compilers/compile-projects.ts [1ms]
2024-03-17 22:33:08.472 [info] > git cat-file -s 5f207a8d4c68153d234d4effa4cb66cbfefe7c32 [1ms]
2024-03-17 22:33:08.487 [info] > git show --textconv :src/scripts/compilers/compile-projects.ts [1ms]
2024-03-17 22:33:13.201 [info] > git ls-files --stage -- /home/lewisb/documents/repos/brittonsbash/src/scripts/compilers/compile-projects.ts [2ms]
2024-03-17 22:33:13.211 [info] > git cat-file -s 5f207a8d4c68153d234d4effa4cb66cbfefe7c32 [1ms]
2024-03-17 22:33:13.227 [info] > git show --textconv :src/scripts/compilers/compile-projects.ts [3ms]
2024-03-17 22:33:13.456 [info] > git status -z -uall [13ms]
2024-03-17 22:33:13.456 [info] > git remote --verbose [22ms]
2024-03-17 22:33:13.456 [info] > git for-each-ref --sort -committerdate --format %(refname) %(objectname) %(*objectname) [33ms]
2024-03-17 22:33:13.457 [info] > git config --get commit.template [2ms]
2024-03-17 22:33:13.469 [info] > git for-each-ref --format=%(refname)%00%(upstream:short)%00%(objectname)%00%(upstream:track)%00%(upstream:remotename)%00%(upstream:remoteref) refs/heads/master refs/remotes/master [1ms]
