2024-03-17 12:55:36.757 [info] Validating found git in: git
2024-03-17 12:55:36.757 [info] Using git 2.38.1 from git
2024-03-17 12:55:36.757 [info] > git rev-parse --show-toplevel [11ms]
2024-03-17 12:55:36.757 [info] > git rev-parse --git-dir --git-common-dir [394ms]
2024-03-17 12:55:36.757 [info] Log level: Info
2024-03-17 12:55:36.757 [info] Open repository: /home/lewisb/documents/repos/brittonsbash
2024-03-17 12:55:36.757 [info] > git status -z -uall [45ms]
2024-03-17 12:55:36.757 [info] > git remote --verbose [62ms]
2024-03-17 12:55:36.757 [info] > git for-each-ref --sort -committerdate --format %(refname) %(objectname) %(*objectname) [97ms]
2024-03-17 12:55:36.757 [info] > git rev-parse --show-toplevel [24ms]
2024-03-17 12:55:36.757 [info] > git config --get commit.template [36ms]
2024-03-17 12:55:36.757 [info] > git rev-parse --show-toplevel [13ms]
2024-03-17 12:55:36.757 [info] > git for-each-ref --format=%(refname)%00%(upstream:short)%00%(objectname)%00%(upstream:track)%00%(upstream:remotename)%00%(upstream:remoteref) refs/heads/master refs/remotes/master [18ms]
2024-03-17 12:55:36.757 [info] > git remote --verbose [43ms]
2024-03-17 12:55:36.757 [info] > git for-each-ref --sort -committerdate --format %(refname) %(objectname) %(*objectname) [54ms]
2024-03-17 12:55:36.757 [info] > git rev-parse --show-toplevel [80ms]
2024-03-17 12:55:36.757 [info] > git status -z -uall [439ms]
2024-03-17 12:55:36.757 [info] > git config --get commit.template [392ms]
2024-03-17 12:55:36.757 [info] > git rev-parse --show-toplevel [420ms]
2024-03-17 12:55:36.757 [info] > git rev-parse --show-toplevel [24ms]
2024-03-17 12:55:36.763 [info] > git for-each-ref --format=%(refname)%00%(upstream:short)%00%(objectname)%00%(upstream:track)%00%(upstream:remotename)%00%(upstream:remoteref) refs/heads/master refs/remotes/master [20ms]
2024-03-17 12:55:36.781 [info] > git rev-parse --show-toplevel [25ms]
2024-03-17 12:55:36.924 [info] > git show --textconv :src/data/aggregate/activity.data.ts [58ms]
2024-03-17 12:55:36.926 [info] > git ls-files --stage -- /home/lewisb/documents/repos/brittonsbash/src/data/aggregate/activity.data.ts [8ms]
2024-03-17 12:55:36.985 [info] > git cat-file -s 9a54bb36c68b14b112d9e33be01386b059eb4566 [30ms]
2024-03-17 12:55:37.192 [info] > git check-ignore -v -z --stdin [30ms]
2024-03-17 12:55:38.004 [info] > git check-ignore -v -z --stdin [11ms]
2024-03-17 12:55:39.370 [info] > git check-ignore -v -z --stdin [7ms]
2024-03-17 12:55:40.204 [info] > git show --textconv :src/data/content/events.data.ts [86ms]
2024-03-17 12:55:40.221 [info] > git ls-files --stage -- /home/lewisb/documents/repos/brittonsbash/src/data/content/events.data.ts [25ms]
2024-03-17 12:55:40.285 [info] > git cat-file -s 83880d0d1d074e98ea8cf13d4d5ace7698ee198b [13ms]
2024-03-17 12:55:43.685 [info] > git show --textconv :src/data/content/sport.data.ts [23ms]
2024-03-17 12:55:43.693 [info] > git ls-files --stage -- /home/lewisb/documents/repos/brittonsbash/src/data/content/sport.data.ts [10ms]
2024-03-17 12:55:43.714 [info] > git cat-file -s 4c9d9e5273c608d6aa19b37d7c2095463633cdba [4ms]
2024-03-17 12:56:16.704 [info] > git status -z -uall [12ms]
2024-03-17 12:56:16.705 [info] > git remote --verbose [23ms]
2024-03-17 12:56:16.705 [info] > git for-each-ref --sort -committerdate --format %(refname) %(objectname) %(*objectname) [35ms]
2024-03-17 12:56:16.707 [info] > git config --get commit.template [3ms]
2024-03-17 12:56:16.719 [info] > git for-each-ref --format=%(refname)%00%(upstream:short)%00%(objectname)%00%(upstream:track)%00%(upstream:remotename)%00%(upstream:remoteref) refs/heads/master refs/remotes/master [2ms]
2024-03-17 12:57:24.130 [info] > git remote --verbose [34ms]
2024-03-17 12:57:24.130 [info] > git for-each-ref --sort -committerdate --format %(refname) %(objectname) %(*objectname) [68ms]
2024-03-17 12:57:24.158 [info] > git status -z -uall [37ms]
2024-03-17 12:57:24.159 [info] > git config --get commit.template [6ms]
2024-03-17 12:57:24.202 [info] > git for-each-ref --format=%(refname)%00%(upstream:short)%00%(objectname)%00%(upstream:track)%00%(upstream:remotename)%00%(upstream:remoteref) refs/heads/master refs/remotes/master [19ms]
2024-03-17 12:59:41.126 [info] > git ls-files --stage -- /home/lewisb/documents/repos/brittonsbash/src/data/content/events.data.ts [5ms]
2024-03-17 12:59:41.172 [info] > git show --textconv :src/data/content/events.data.ts [67ms]
2024-03-17 12:59:41.173 [info] > git cat-file -s 83880d0d1d074e98ea8cf13d4d5ace7698ee198b [13ms]
2024-03-17 12:59:46.530 [info] > git show --textconv :src/data/content/sport.data.ts [49ms]
2024-03-17 12:59:46.571 [info] > git ls-files --stage -- /home/lewisb/documents/repos/brittonsbash/src/data/content/sport.data.ts [56ms]
2024-03-17 12:59:46.600 [info] > git cat-file -s 4c9d9e5273c608d6aa19b37d7c2095463633cdba [3ms]
2024-03-17 12:59:51.377 [info] > git status -z -uall [6ms]
2024-03-17 12:59:51.377 [info] > git remote --verbose [26ms]
2024-03-17 12:59:51.378 [info] > git for-each-ref --sort -committerdate --format %(refname) %(objectname) %(*objectname) [40ms]
2024-03-17 12:59:51.414 [info] > git config --get commit.template [18ms]
2024-03-17 12:59:51.414 [info] > git for-each-ref --format=%(refname)%00%(upstream:short)%00%(objectname)%00%(upstream:track)%00%(upstream:remotename)%00%(upstream:remoteref) refs/heads/master refs/remotes/master [2ms]
2024-03-17 13:02:18.776 [info] > git show --textconv :src/data/content/events.data.ts [37ms]
2024-03-17 13:02:18.776 [info] > git ls-files --stage -- /home/lewisb/documents/repos/brittonsbash/src/data/content/events.data.ts [16ms]
2024-03-17 13:02:18.800 [info] > git cat-file -s 83880d0d1d074e98ea8cf13d4d5ace7698ee198b [11ms]
2024-03-17 13:03:08.526 [info] > git status -z -uall [32ms]
2024-03-17 13:03:08.529 [info] > git remote --verbose [58ms]
2024-03-17 13:03:08.539 [info] > git for-each-ref --sort -committerdate --format %(refname) %(objectname) %(*objectname) [97ms]
2024-03-17 13:03:08.545 [info] > git config --get commit.template [19ms]
2024-03-17 13:03:08.619 [info] > git for-each-ref --format=%(refname)%00%(upstream:short)%00%(objectname)%00%(upstream:track)%00%(upstream:remotename)%00%(upstream:remoteref) refs/heads/master refs/remotes/master [7ms]
2024-03-17 13:04:32.894 [info] > git check-ignore -v -z --stdin [221ms]
2024-03-17 13:04:33.048 [info] > git show --textconv :TODO.md [68ms]
2024-03-17 13:04:33.049 [info] > git ls-files --stage -- /home/lewisb/documents/repos/brittonsbash/TODO.md [7ms]
2024-03-17 13:04:33.125 [info] > git cat-file -s 2bec7b4cd277bfc0b6defeb2857d5bf9d699be0e [47ms]
2024-03-17 13:04:33.550 [info] > git show --textconv :src/data/content/events.data.ts [66ms]
2024-03-17 13:04:33.550 [info] > git ls-files --stage -- /home/lewisb/documents/repos/brittonsbash/src/data/content/events.data.ts [33ms]
2024-03-17 13:04:33.594 [info] > git cat-file -s 83880d0d1d074e98ea8cf13d4d5ace7698ee198b [14ms]
2024-03-17 13:09:32.561 [info] > git status -z -uall [17ms]
2024-03-17 13:09:32.563 [info] > git remote --verbose [31ms]
2024-03-17 13:09:32.566 [info] > git for-each-ref --sort -committerdate --format %(refname) %(objectname) %(*objectname) [50ms]
2024-03-17 13:09:32.569 [info] > git config --get commit.template [7ms]
2024-03-17 13:09:32.585 [info] > git for-each-ref --format=%(refname)%00%(upstream:short)%00%(objectname)%00%(upstream:track)%00%(upstream:remotename)%00%(upstream:remoteref) refs/heads/master refs/remotes/master [1ms]
2024-03-17 13:10:57.903 [info] > git remote --verbose [23ms]
2024-03-17 13:10:57.904 [info] > git for-each-ref --sort -committerdate --format %(refname) %(objectname) %(*objectname) [42ms]
2024-03-17 13:10:57.928 [info] > git status -z -uall [29ms]
2024-03-17 13:10:57.932 [info] > git config --get commit.template [4ms]
2024-03-17 13:10:57.953 [info] > git for-each-ref --format=%(refname)%00%(upstream:short)%00%(objectname)%00%(upstream:track)%00%(upstream:remotename)%00%(upstream:remoteref) refs/heads/master refs/remotes/master [3ms]
2024-03-17 13:11:42.743 [info] > git show --textconv :README.md [15ms]
2024-03-17 13:11:42.748 [info] > git ls-files --stage -- /home/lewisb/documents/repos/brittonsbash/README.md [6ms]
2024-03-17 13:11:42.769 [info] > git cat-file -s b54e2ef1449d17791cb1e789dcf9a870fc4dc6e6 [3ms]
2024-03-17 13:11:43.765 [info] > git show --textconv :TODO.md [20ms]
2024-03-17 13:11:43.769 [info] > git ls-files --stage -- /home/lewisb/documents/repos/brittonsbash/TODO.md [7ms]
2024-03-17 13:11:43.783 [info] > git cat-file -s 2bec7b4cd277bfc0b6defeb2857d5bf9d699be0e [2ms]
2024-03-17 13:15:24.936 [info] > git show --textconv :src/data/content/sport.data.ts [48ms]
2024-03-17 13:15:24.946 [info] > git ls-files --stage -- /home/lewisb/documents/repos/brittonsbash/src/data/content/sport.data.ts [15ms]
2024-03-17 13:15:25.008 [info] > git cat-file -s 4c9d9e5273c608d6aa19b37d7c2095463633cdba [23ms]
2024-03-17 13:15:26.689 [info] > git show --textconv :TODO.md [22ms]
2024-03-17 13:15:26.689 [info] > git ls-files --stage -- /home/lewisb/documents/repos/brittonsbash/TODO.md [9ms]
2024-03-17 13:15:26.705 [info] > git cat-file -s 2bec7b4cd277bfc0b6defeb2857d5bf9d699be0e [4ms]
2024-03-17 13:15:27.780 [info] > git show --textconv :src/data/content/events.data.ts [53ms]
2024-03-17 13:15:27.780 [info] > git ls-files --stage -- /home/lewisb/documents/repos/brittonsbash/src/data/content/events.data.ts [23ms]
2024-03-17 13:15:27.830 [info] > git cat-file -s 83880d0d1d074e98ea8cf13d4d5ace7698ee198b [30ms]
2024-03-17 13:18:59.744 [info] > git status -z -uall [31ms]
2024-03-17 13:18:59.745 [info] > git remote --verbose [54ms]
2024-03-17 13:18:59.746 [info] > git for-each-ref --sort -committerdate --format %(refname) %(objectname) %(*objectname) [103ms]
2024-03-17 13:18:59.785 [info] > git config --get commit.template [41ms]
2024-03-17 13:18:59.788 [info] > git for-each-ref --format=%(refname)%00%(upstream:short)%00%(objectname)%00%(upstream:track)%00%(upstream:remotename)%00%(upstream:remoteref) refs/heads/master refs/remotes/master [5ms]
2024-03-17 13:20:10.264 [info] > git status -z -uall [41ms]
2024-03-17 13:20:10.265 [info] > git remote --verbose [75ms]
2024-03-17 13:20:10.266 [info] > git for-each-ref --sort -committerdate --format %(refname) %(objectname) %(*objectname) [103ms]
2024-03-17 13:20:10.269 [info] > git config --get commit.template [5ms]
2024-03-17 13:20:10.288 [info] > git for-each-ref --format=%(refname)%00%(upstream:short)%00%(objectname)%00%(upstream:track)%00%(upstream:remotename)%00%(upstream:remoteref) refs/heads/master refs/remotes/master [3ms]
2024-03-17 13:22:50.099 [info] > git status -z -uall [20ms]
2024-03-17 13:22:50.100 [info] > git remote --verbose [32ms]
2024-03-17 13:22:50.101 [info] > git for-each-ref --sort -committerdate --format %(refname) %(objectname) %(*objectname) [51ms]
2024-03-17 13:22:50.103 [info] > git config --get commit.template [4ms]
2024-03-17 13:22:50.124 [info] > git for-each-ref --format=%(refname)%00%(upstream:short)%00%(objectname)%00%(upstream:track)%00%(upstream:remotename)%00%(upstream:remoteref) refs/heads/master refs/remotes/master [2ms]
2024-03-17 13:22:55.667 [info] > git show --textconv :TODO.md [26ms]
2024-03-17 13:22:55.668 [info] > git ls-files --stage -- /home/lewisb/documents/repos/brittonsbash/TODO.md [2ms]
2024-03-17 13:22:55.692 [info] > git cat-file -s 2bec7b4cd277bfc0b6defeb2857d5bf9d699be0e [12ms]
2024-03-17 13:22:56.489 [info] > git show --textconv :src/data/content/sport.data.ts [22ms]
2024-03-17 13:22:56.489 [info] > git ls-files --stage -- /home/lewisb/documents/repos/brittonsbash/src/data/content/sport.data.ts [6ms]
2024-03-17 13:22:56.531 [info] > git cat-file -s 4c9d9e5273c608d6aa19b37d7c2095463633cdba [28ms]
2024-03-17 13:22:57.105 [info] > git show --textconv :TODO.md [14ms]
2024-03-17 13:22:57.106 [info] > git ls-files --stage -- /home/lewisb/documents/repos/brittonsbash/TODO.md [3ms]
2024-03-17 13:22:57.121 [info] > git cat-file -s 2bec7b4cd277bfc0b6defeb2857d5bf9d699be0e [2ms]
2024-03-17 13:23:03.023 [info] > git show --textconv :src/components/compounds/home/content/home.content.ts [47ms]
2024-03-17 13:23:03.026 [info] > git ls-files --stage -- /home/lewisb/documents/repos/brittonsbash/src/components/compounds/home/content/home.content.ts [3ms]
2024-03-17 13:23:03.057 [info] > git cat-file -s 6cf9ff242950f3875cc3b5e519a3c7b9f9b9a4f3 [2ms]
2024-03-17 13:23:03.533 [info] > git check-ignore -v -z --stdin [5ms]
2024-03-17 13:23:55.818 [info] > git show --textconv :src/components/bash-blocks/blocks/article-tile/article-tile.types.ts [50ms]
2024-03-17 13:23:55.828 [info] > git ls-files --stage -- /home/lewisb/documents/repos/brittonsbash/src/components/bash-blocks/blocks/article-tile/article-tile.types.ts [10ms]
2024-03-17 13:23:55.862 [info] > git cat-file -s fafaafb23976188b4dc3bdc3b5a9453920f25dd3 [3ms]
2024-03-17 13:23:56.170 [info] > git check-ignore -v -z --stdin [1ms]
2024-03-17 13:24:18.247 [info] > git show --textconv :src/components/compounds/home/content/home.content.ts [24ms]
2024-03-17 13:24:18.252 [info] > git ls-files --stage -- /home/lewisb/documents/repos/brittonsbash/src/components/compounds/home/content/home.content.ts [11ms]
2024-03-17 13:24:18.293 [info] > git cat-file -s 6cf9ff242950f3875cc3b5e519a3c7b9f9b9a4f3 [20ms]
2024-03-17 13:24:54.810 [info] > git show --textconv :src/components/bash-blocks/blocks/article-tile/article-tile.types.ts [27ms]
2024-03-17 13:24:54.821 [info] > git ls-files --stage -- /home/lewisb/documents/repos/brittonsbash/src/components/bash-blocks/blocks/article-tile/article-tile.types.ts [20ms]
2024-03-17 13:24:54.846 [info] > git cat-file -s fafaafb23976188b4dc3bdc3b5a9453920f25dd3 [9ms]
2024-03-17 13:25:16.388 [info] > git show --textconv :src/components/compounds/home/content/home.content.ts [28ms]
2024-03-17 13:25:16.392 [info] > git ls-files --stage -- /home/lewisb/documents/repos/brittonsbash/src/components/compounds/home/content/home.content.ts [6ms]
2024-03-17 13:25:16.436 [info] > git cat-file -s 6cf9ff242950f3875cc3b5e519a3c7b9f9b9a4f3 [9ms]
2024-03-17 13:25:57.218 [info] > git show --textconv :src/components/bash-blocks/blocks/article-tile/article-tile.types.ts [30ms]
2024-03-17 13:25:57.227 [info] > git ls-files --stage -- /home/lewisb/documents/repos/brittonsbash/src/components/bash-blocks/blocks/article-tile/article-tile.types.ts [15ms]
2024-03-17 13:25:57.251 [info] > git cat-file -s fafaafb23976188b4dc3bdc3b5a9453920f25dd3 [7ms]
2024-03-17 13:26:02.993 [info] > git show --textconv :src/components/compounds/home/content/home.content.ts [47ms]
2024-03-17 13:26:02.993 [info] > git ls-files --stage -- /home/lewisb/documents/repos/brittonsbash/src/components/compounds/home/content/home.content.ts [15ms]
2024-03-17 13:26:03.031 [info] > git cat-file -s 6cf9ff242950f3875cc3b5e519a3c7b9f9b9a4f3 [17ms]
2024-03-17 13:26:30.596 [info] > git status -z -uall [26ms]
2024-03-17 13:26:30.597 [info] > git remote --verbose [61ms]
2024-03-17 13:26:30.598 [info] > git for-each-ref --sort -committerdate --format %(refname) %(objectname) %(*objectname) [97ms]
2024-03-17 13:26:30.601 [info] > git config --get commit.template [5ms]
2024-03-17 13:26:30.629 [info] > git for-each-ref --format=%(refname)%00%(upstream:short)%00%(objectname)%00%(upstream:track)%00%(upstream:remotename)%00%(upstream:remoteref) refs/heads/master refs/remotes/master [5ms]
2024-03-17 13:26:35.837 [info] > git show --textconv :src/components/bash-blocks/blocks/article-tile/article-tile.types.ts [33ms]
2024-03-17 13:26:35.859 [info] > git ls-files --stage -- /home/lewisb/documents/repos/brittonsbash/src/components/bash-blocks/blocks/article-tile/article-tile.types.ts [32ms]
2024-03-17 13:26:35.890 [info] > git cat-file -s fafaafb23976188b4dc3bdc3b5a9453920f25dd3 [12ms]
2024-03-17 13:26:37.578 [info] > git show --textconv :src/components/bash-blocks/partials/article/article.types.ts [24ms]
2024-03-17 13:26:37.578 [info] > git ls-files --stage -- /home/lewisb/documents/repos/brittonsbash/src/components/bash-blocks/partials/article/article.types.ts [2ms]
2024-03-17 13:26:37.603 [info] > git cat-file -s 48e9e8cc9ddffd8d963e2d42bed118b0c9637255 [3ms]
2024-03-17 13:26:37.914 [info] > git check-ignore -v -z --stdin [2ms]
2024-03-17 13:26:40.445 [info] > git show --textconv :src/components/bash-blocks/basics/typography/typography.types.ts [45ms]
2024-03-17 13:26:40.445 [info] > git ls-files --stage -- /home/lewisb/documents/repos/brittonsbash/src/components/bash-blocks/basics/typography/typography.types.ts [14ms]
2024-03-17 13:26:40.480 [info] > git cat-file -s 8335726f6467b915fc8187d3b84f8fee296cce90 [10ms]
2024-03-17 13:26:40.777 [info] > git check-ignore -v -z --stdin [2ms]
2024-03-17 13:26:45.286 [info] > git show --textconv :src/components/bash-blocks/partials/article/article.types.ts [31ms]
2024-03-17 13:26:45.287 [info] > git ls-files --stage -- /home/lewisb/documents/repos/brittonsbash/src/components/bash-blocks/partials/article/article.types.ts [9ms]
2024-03-17 13:26:45.315 [info] > git cat-file -s 48e9e8cc9ddffd8d963e2d42bed118b0c9637255 [9ms]
2024-03-17 13:26:45.933 [info] > git show --textconv :src/components/bash-blocks/blocks/article-tile/article-tile.types.ts [28ms]
2024-03-17 13:26:45.937 [info] > git ls-files --stage -- /home/lewisb/documents/repos/brittonsbash/src/components/bash-blocks/blocks/article-tile/article-tile.types.ts [14ms]
2024-03-17 13:26:45.978 [info] > git cat-file -s fafaafb23976188b4dc3bdc3b5a9453920f25dd3 [21ms]
2024-03-17 13:26:47.099 [info] > git show --textconv :src/components/compounds/home/content/home.content.ts [25ms]
2024-03-17 13:26:47.099 [info] > git ls-files --stage -- /home/lewisb/documents/repos/brittonsbash/src/components/compounds/home/content/home.content.ts [6ms]
2024-03-17 13:26:47.130 [info] > git cat-file -s 6cf9ff242950f3875cc3b5e519a3c7b9f9b9a4f3 [13ms]
2024-03-17 13:27:17.918 [info] > git remote --verbose [21ms]
2024-03-17 13:27:17.919 [info] > git for-each-ref --sort -committerdate --format %(refname) %(objectname) %(*objectname) [35ms]
2024-03-17 13:27:17.958 [info] > git status -z -uall [43ms]
2024-03-17 13:27:17.962 [info] > git config --get commit.template [7ms]
2024-03-17 13:27:17.999 [info] > git for-each-ref --format=%(refname)%00%(upstream:short)%00%(objectname)%00%(upstream:track)%00%(upstream:remotename)%00%(upstream:remoteref) refs/heads/master refs/remotes/master [2ms]
2024-03-17 13:28:01.566 [info] > git show --textconv :src/components/bash-blocks/basics/typography/typography.types.ts [28ms]
2024-03-17 13:28:01.571 [info] > git ls-files --stage -- /home/lewisb/documents/repos/brittonsbash/src/components/bash-blocks/basics/typography/typography.types.ts [12ms]
2024-03-17 13:28:01.600 [info] > git cat-file -s 8335726f6467b915fc8187d3b84f8fee296cce90 [6ms]
2024-03-17 13:28:02.032 [info] > git check-ignore -v -z --stdin [51ms]
2024-03-17 13:28:02.118 [info] > git show --textconv :src/components/bash-blocks/partials/article/article.types.ts [26ms]
2024-03-17 13:28:02.120 [info] > git ls-files --stage -- /home/lewisb/documents/repos/brittonsbash/src/components/bash-blocks/partials/article/article.types.ts [1ms]
2024-03-17 13:28:02.151 [info] > git cat-file -s 48e9e8cc9ddffd8d963e2d42bed118b0c9637255 [3ms]
2024-03-17 13:28:02.523 [info] > git check-ignore -v -z --stdin [1ms]
2024-03-17 13:28:04.494 [info] > git show --textconv :src/components/bash-blocks/basics/typography/typography.types.ts [101ms]
2024-03-17 13:28:04.502 [info] > git ls-files --stage -- /home/lewisb/documents/repos/brittonsbash/src/components/bash-blocks/basics/typography/typography.types.ts [18ms]
2024-03-17 13:28:04.535 [info] > git cat-file -s 8335726f6467b915fc8187d3b84f8fee296cce90 [6ms]
2024-03-17 13:28:05.655 [info] > git show --textconv :src/components/bash-blocks/partials/article/article.types.ts [25ms]
2024-03-17 13:28:05.655 [info] > git ls-files --stage -- /home/lewisb/documents/repos/brittonsbash/src/components/bash-blocks/partials/article/article.types.ts [7ms]
2024-03-17 13:28:05.681 [info] > git cat-file -s 48e9e8cc9ddffd8d963e2d42bed118b0c9637255 [4ms]
2024-03-17 13:28:06.229 [info] > git show --textconv :src/components/bash-blocks/blocks/article-tile/article-tile.types.ts [37ms]
2024-03-17 13:28:06.231 [info] > git ls-files --stage -- /home/lewisb/documents/repos/brittonsbash/src/components/bash-blocks/blocks/article-tile/article-tile.types.ts [18ms]
2024-03-17 13:28:06.267 [info] > git cat-file -s fafaafb23976188b4dc3bdc3b5a9453920f25dd3 [17ms]
2024-03-17 13:29:43.244 [info] > git show --textconv :src/components/compounds/home/content/home.content.ts [21ms]
2024-03-17 13:29:43.245 [info] > git ls-files --stage -- /home/lewisb/documents/repos/brittonsbash/src/components/compounds/home/content/home.content.ts [5ms]
2024-03-17 13:29:43.283 [info] > git cat-file -s 6cf9ff242950f3875cc3b5e519a3c7b9f9b9a4f3 [16ms]
2024-03-17 13:29:47.388 [info] > git status -z -uall [21ms]
2024-03-17 13:29:47.389 [info] > git remote --verbose [38ms]
2024-03-17 13:29:47.391 [info] > git for-each-ref --sort -committerdate --format %(refname) %(objectname) %(*objectname) [53ms]
2024-03-17 13:29:47.397 [info] > git config --get commit.template [9ms]
2024-03-17 13:29:47.423 [info] > git for-each-ref --format=%(refname)%00%(upstream:short)%00%(objectname)%00%(upstream:track)%00%(upstream:remotename)%00%(upstream:remoteref) refs/heads/master refs/remotes/master [2ms]
2024-03-17 13:30:00.813 [info] > git status -z -uall [16ms]
2024-03-17 13:30:00.813 [info] > git remote --verbose [28ms]
2024-03-17 13:30:00.814 [info] > git for-each-ref --sort -committerdate --format %(refname) %(objectname) %(*objectname) [40ms]
2024-03-17 13:30:00.814 [info] > git config --get commit.template [2ms]
2024-03-17 13:30:00.828 [info] > git for-each-ref --format=%(refname)%00%(upstream:short)%00%(objectname)%00%(upstream:track)%00%(upstream:remotename)%00%(upstream:remoteref) refs/heads/master refs/remotes/master [1ms]
2024-03-17 13:31:37.438 [info] > git status -z -uall [20ms]
2024-03-17 13:31:37.439 [info] > git remote --verbose [43ms]
2024-03-17 13:31:37.440 [info] > git for-each-ref --sort -committerdate --format %(refname) %(objectname) %(*objectname) [60ms]
2024-03-17 13:31:37.441 [info] > git config --get commit.template [2ms]
2024-03-17 13:31:37.474 [info] > git for-each-ref --format=%(refname)%00%(upstream:short)%00%(objectname)%00%(upstream:track)%00%(upstream:remotename)%00%(upstream:remoteref) refs/heads/master refs/remotes/master [2ms]
2024-03-17 13:32:25.088 [info] > git status -z -uall [15ms]
2024-03-17 13:32:25.089 [info] > git remote --verbose [27ms]
2024-03-17 13:32:25.089 [info] > git for-each-ref --sort -committerdate --format %(refname) %(objectname) %(*objectname) [40ms]
2024-03-17 13:32:25.091 [info] > git config --get commit.template [2ms]
2024-03-17 13:32:25.105 [info] > git for-each-ref --format=%(refname)%00%(upstream:short)%00%(objectname)%00%(upstream:track)%00%(upstream:remotename)%00%(upstream:remoteref) refs/heads/master refs/remotes/master [2ms]
2024-03-17 13:32:30.757 [info] > git status -z -uall [14ms]
2024-03-17 13:32:30.757 [info] > git remote --verbose [26ms]
2024-03-17 13:32:30.757 [info] > git for-each-ref --sort -committerdate --format %(refname) %(objectname) %(*objectname) [38ms]
2024-03-17 13:32:30.758 [info] > git config --get commit.template [2ms]
2024-03-17 13:32:30.771 [info] > git for-each-ref --format=%(refname)%00%(upstream:short)%00%(objectname)%00%(upstream:track)%00%(upstream:remotename)%00%(upstream:remoteref) refs/heads/master refs/remotes/master [1ms]
2024-03-17 13:32:35.625 [info] > git show --textconv :src/components/bash-blocks/partials/article/article.types.ts [24ms]
2024-03-17 13:32:35.631 [info] > git ls-files --stage -- /home/lewisb/documents/repos/brittonsbash/src/components/bash-blocks/partials/article/article.types.ts [14ms]
2024-03-17 13:32:35.661 [info] > git cat-file -s 48e9e8cc9ddffd8d963e2d42bed118b0c9637255 [13ms]
2024-03-17 13:33:02.799 [info] > git show --textconv :src/components/bash-blocks/blocks/article-tile/article-tile.types.ts [40ms]
2024-03-17 13:33:02.811 [info] > git ls-files --stage -- /home/lewisb/documents/repos/brittonsbash/src/components/bash-blocks/blocks/article-tile/article-tile.types.ts [30ms]
2024-03-17 13:33:02.831 [info] > git cat-file -s fafaafb23976188b4dc3bdc3b5a9453920f25dd3 [3ms]
2024-03-17 13:33:04.885 [info] > git show --textconv :src/components/compounds/home/content/home.content.ts [28ms]
2024-03-17 13:33:04.895 [info] > git ls-files --stage -- /home/lewisb/documents/repos/brittonsbash/src/components/compounds/home/content/home.content.ts [15ms]
2024-03-17 13:33:04.926 [info] > git cat-file -s 6cf9ff242950f3875cc3b5e519a3c7b9f9b9a4f3 [11ms]
2024-03-17 13:33:25.518 [info] > git show --textconv :src/data/content/events.data.ts [34ms]
2024-03-17 13:33:25.519 [info] > git ls-files --stage -- /home/lewisb/documents/repos/brittonsbash/src/data/content/events.data.ts [5ms]
2024-03-17 13:33:25.574 [info] > git cat-file -s 83880d0d1d074e98ea8cf13d4d5ace7698ee198b [1ms]
2024-03-17 13:33:28.321 [info] > git show --textconv :src/components/bash-blocks/blocks/article-tile/article-tile.types.ts [54ms]
2024-03-17 13:33:28.323 [info] > git ls-files --stage -- /home/lewisb/documents/repos/brittonsbash/src/components/bash-blocks/blocks/article-tile/article-tile.types.ts [11ms]
2024-03-17 13:33:28.349 [info] > git cat-file -s fafaafb23976188b4dc3bdc3b5a9453920f25dd3 [3ms]
2024-03-17 13:33:29.508 [info] > git ls-files --stage -- /home/lewisb/documents/repos/brittonsbash/src/data/content/events.data.ts [2ms]
2024-03-17 13:33:29.543 [info] > git show --textconv :src/data/content/events.data.ts [68ms]
2024-03-17 13:33:29.548 [info] > git cat-file -s 83880d0d1d074e98ea8cf13d4d5ace7698ee198b [6ms]
2024-03-17 13:33:30.417 [info] > git show --textconv :src/components/bash-blocks/partials/article/article.types.ts [85ms]
2024-03-17 13:33:30.425 [info] > git ls-files --stage -- /home/lewisb/documents/repos/brittonsbash/src/components/bash-blocks/partials/article/article.types.ts [11ms]
2024-03-17 13:33:30.493 [info] > git cat-file -s 48e9e8cc9ddffd8d963e2d42bed118b0c9637255 [23ms]
2024-03-17 13:33:31.867 [info] > git ls-files --stage -- /home/lewisb/documents/repos/brittonsbash/src/data/content/events.data.ts [9ms]
2024-03-17 13:33:31.903 [info] > git show --textconv :src/data/content/events.data.ts [76ms]
2024-03-17 13:33:31.903 [info] > git cat-file -s 83880d0d1d074e98ea8cf13d4d5ace7698ee198b [10ms]
2024-03-17 13:33:34.480 [info] > git show --textconv :src/scripts/compilers/compile-projects.ts [68ms]
2024-03-17 13:33:34.489 [info] > git ls-files --stage -- /home/lewisb/documents/repos/brittonsbash/src/scripts/compilers/compile-projects.ts [19ms]
2024-03-17 13:33:34.532 [info] > git cat-file -s 5f207a8d4c68153d234d4effa4cb66cbfefe7c32 [13ms]
2024-03-17 13:33:37.140 [info] > git show --textconv :src/components/compounds/home/content/home.content.ts [35ms]
2024-03-17 13:33:37.156 [info] > git ls-files --stage -- /home/lewisb/documents/repos/brittonsbash/src/components/compounds/home/content/home.content.ts [25ms]
2024-03-17 13:33:37.196 [info] > git cat-file -s 6cf9ff242950f3875cc3b5e519a3c7b9f9b9a4f3 [6ms]
2024-03-17 13:33:39.008 [info] > git ls-files --stage -- /home/lewisb/documents/repos/brittonsbash/src/data/content/events.data.ts [22ms]
2024-03-17 13:33:39.041 [info] > git show --textconv :src/data/content/events.data.ts [90ms]
2024-03-17 13:33:39.041 [info] > git cat-file -s 83880d0d1d074e98ea8cf13d4d5ace7698ee198b [2ms]
2024-03-17 13:35:34.523 [info] > git show --textconv :src/components/compounds/home/content/home.content.ts [25ms]
2024-03-17 13:35:34.529 [info] > git ls-files --stage -- /home/lewisb/documents/repos/brittonsbash/src/components/compounds/home/content/home.content.ts [7ms]
2024-03-17 13:35:34.548 [info] > git cat-file -s 6cf9ff242950f3875cc3b5e519a3c7b9f9b9a4f3 [1ms]
2024-03-17 13:36:14.214 [info] > git status -z -uall [32ms]
2024-03-17 13:36:14.216 [info] > git remote --verbose [62ms]
2024-03-17 13:36:14.216 [info] > git for-each-ref --sort -committerdate --format %(refname) %(objectname) %(*objectname) [88ms]
2024-03-17 13:36:14.243 [info] > git config --get commit.template [30ms]
2024-03-17 13:36:14.244 [info] > git for-each-ref --format=%(refname)%00%(upstream:short)%00%(objectname)%00%(upstream:track)%00%(upstream:remotename)%00%(upstream:remoteref) refs/heads/master refs/remotes/master [3ms]
2024-03-17 13:38:31.387 [info] > git status -z -uall [16ms]
2024-03-17 13:38:31.389 [info] > git remote --verbose [33ms]
2024-03-17 13:38:31.390 [info] > git for-each-ref --sort -committerdate --format %(refname) %(objectname) %(*objectname) [48ms]
2024-03-17 13:38:31.392 [info] > git config --get commit.template [6ms]
2024-03-17 13:38:31.421 [info] > git for-each-ref --format=%(refname)%00%(upstream:short)%00%(objectname)%00%(upstream:track)%00%(upstream:remotename)%00%(upstream:remoteref) refs/heads/master refs/remotes/master [3ms]
2024-03-17 13:39:04.308 [info] > git status -z -uall [27ms]
2024-03-17 13:39:04.308 [info] > git remote --verbose [57ms]
2024-03-17 13:39:04.309 [info] > git for-each-ref --sort -committerdate --format %(refname) %(objectname) %(*objectname) [101ms]
2024-03-17 13:39:04.310 [info] > git config --get commit.template [2ms]
2024-03-17 13:39:04.333 [info] > git for-each-ref --format=%(refname)%00%(upstream:short)%00%(objectname)%00%(upstream:track)%00%(upstream:remotename)%00%(upstream:remoteref) refs/heads/master refs/remotes/master [1ms]
2024-03-17 13:39:09.408 [info] > git status -z -uall [15ms]
2024-03-17 13:39:09.409 [info] > git remote --verbose [29ms]
2024-03-17 13:39:09.409 [info] > git for-each-ref --sort -committerdate --format %(refname) %(objectname) %(*objectname) [49ms]
2024-03-17 13:39:09.411 [info] > git config --get commit.template [5ms]
2024-03-17 13:39:09.429 [info] > git for-each-ref --format=%(refname)%00%(upstream:short)%00%(objectname)%00%(upstream:track)%00%(upstream:remotename)%00%(upstream:remoteref) refs/heads/master refs/remotes/master [2ms]
2024-03-17 13:39:18.542 [info] > git status -z -uall [25ms]
2024-03-17 13:39:18.542 [info] > git remote --verbose [50ms]
2024-03-17 13:39:18.542 [info] > git for-each-ref --sort -committerdate --format %(refname) %(objectname) %(*objectname) [77ms]
2024-03-17 13:39:18.544 [info] > git config --get commit.template [2ms]
2024-03-17 13:39:18.564 [info] > git for-each-ref --format=%(refname)%00%(upstream:short)%00%(objectname)%00%(upstream:track)%00%(upstream:remotename)%00%(upstream:remoteref) refs/heads/master refs/remotes/master [2ms]
2024-03-17 13:39:25.576 [info] > git status -z -uall [28ms]
2024-03-17 13:39:25.576 [info] > git remote --verbose [78ms]
2024-03-17 13:39:25.576 [info] > git for-each-ref --sort -committerdate --format %(refname) %(objectname) %(*objectname) [111ms]
2024-03-17 13:39:25.609 [info] > git config --get commit.template [34ms]
2024-03-17 13:39:25.611 [info] > git for-each-ref --format=%(refname)%00%(upstream:short)%00%(objectname)%00%(upstream:track)%00%(upstream:remotename)%00%(upstream:remoteref) refs/heads/master refs/remotes/master [1ms]
2024-03-17 13:40:37.835 [info] > git status -z -uall [21ms]
2024-03-17 13:40:37.836 [info] > git remote --verbose [49ms]
2024-03-17 13:40:37.837 [info] > git for-each-ref --sort -committerdate --format %(refname) %(objectname) %(*objectname) [80ms]
2024-03-17 13:40:37.838 [info] > git config --get commit.template [3ms]
2024-03-17 13:40:37.854 [info] > git for-each-ref --format=%(refname)%00%(upstream:short)%00%(objectname)%00%(upstream:track)%00%(upstream:remotename)%00%(upstream:remoteref) refs/heads/master refs/remotes/master [2ms]
2024-03-17 13:40:48.530 [info] > git ls-files --stage -- /home/lewisb/documents/repos/brittonsbash/src/data/content/events.data.ts [1ms]
2024-03-17 13:40:48.578 [info] > git show --textconv :src/data/content/events.data.ts [98ms]
2024-03-17 13:40:48.582 [info] > git cat-file -s 83880d0d1d074e98ea8cf13d4d5ace7698ee198b [6ms]
2024-03-17 13:40:49.433 [info] > git show --textconv :src/scripts/compilers/compile-projects.ts [24ms]
2024-03-17 13:40:49.444 [info] > git ls-files --stage -- /home/lewisb/documents/repos/brittonsbash/src/scripts/compilers/compile-projects.ts [13ms]
2024-03-17 13:40:49.523 [info] > git cat-file -s 5f207a8d4c68153d234d4effa4cb66cbfefe7c32 [6ms]
2024-03-17 13:40:50.862 [info] > git show --textconv :TODO.md [25ms]
2024-03-17 13:40:50.870 [info] > git ls-files --stage -- /home/lewisb/documents/repos/brittonsbash/TODO.md [18ms]
2024-03-17 13:40:50.890 [info] > git cat-file -s 2bec7b4cd277bfc0b6defeb2857d5bf9d699be0e [5ms]
2024-03-17 13:50:59.104 [info] > git status -z -uall [12ms]
2024-03-17 13:50:59.105 [info] > git remote --verbose [24ms]
2024-03-17 13:50:59.105 [info] > git for-each-ref --sort -committerdate --format %(refname) %(objectname) %(*objectname) [39ms]
2024-03-17 13:50:59.106 [info] > git config --get commit.template [3ms]
2024-03-17 13:50:59.117 [info] > git for-each-ref --format=%(refname)%00%(upstream:short)%00%(objectname)%00%(upstream:track)%00%(upstream:remotename)%00%(upstream:remoteref) refs/heads/master refs/remotes/master [1ms]
2024-03-17 13:50:59.177 [info] > git ls-files --stage -- /home/lewisb/documents/repos/brittonsbash/TODO.md [4ms]
2024-03-17 13:50:59.191 [info] > git cat-file -s 2bec7b4cd277bfc0b6defeb2857d5bf9d699be0e [1ms]
2024-03-17 13:50:59.205 [info] > git show --textconv :TODO.md [2ms]
2024-03-17 13:51:07.082 [info] > git status -z -uall [14ms]
2024-03-17 13:51:07.082 [info] > git remote --verbose [30ms]
2024-03-17 13:51:07.082 [info] > git for-each-ref --sort -committerdate --format %(refname) %(objectname) %(*objectname) [41ms]
2024-03-17 13:51:07.083 [info] > git config --get commit.template [2ms]
2024-03-17 13:51:07.097 [info] > git for-each-ref --format=%(refname)%00%(upstream:short)%00%(objectname)%00%(upstream:track)%00%(upstream:remotename)%00%(upstream:remoteref) refs/heads/master refs/remotes/master [4ms]
2024-03-17 13:51:07.143 [info] > git ls-files --stage -- /home/lewisb/documents/repos/brittonsbash/TODO.md [2ms]
2024-03-17 13:51:07.153 [info] > git cat-file -s 2bec7b4cd277bfc0b6defeb2857d5bf9d699be0e [2ms]
2024-03-17 13:51:07.166 [info] > git show --textconv :TODO.md [1ms]
2024-03-17 13:51:10.139 [info] > git ls-files --stage -- /home/lewisb/documents/repos/brittonsbash/TODO.md [1ms]
2024-03-17 13:51:10.148 [info] > git cat-file -s 2bec7b4cd277bfc0b6defeb2857d5bf9d699be0e [1ms]
2024-03-17 13:51:10.161 [info] > git show --textconv :TODO.md [1ms]
2024-03-17 13:51:12.151 [info] > git status -z -uall [10ms]
2024-03-17 13:51:12.151 [info] > git remote --verbose [19ms]
2024-03-17 13:51:12.151 [info] > git for-each-ref --sort -committerdate --format %(refname) %(objectname) %(*objectname) [29ms]
2024-03-17 13:51:12.152 [info] > git config --get commit.template [2ms]
2024-03-17 13:51:12.163 [info] > git for-each-ref --format=%(refname)%00%(upstream:short)%00%(objectname)%00%(upstream:track)%00%(upstream:remotename)%00%(upstream:remoteref) refs/heads/master refs/remotes/master [1ms]
