2024-03-17 17:28:19.275 [info] Validating found git in: git
2024-03-17 17:28:19.275 [info] Using git 2.38.1 from git
2024-03-17 17:28:19.275 [info] > git rev-parse --show-toplevel [5ms]
2024-03-17 17:28:19.276 [info] > git rev-parse --git-dir --git-common-dir [2ms]
2024-03-17 17:28:19.277 [info] Log level: Info
2024-03-17 17:28:19.277 [info] Open repository: /home/lewisb/documents/repos/brittonsbash
2024-03-17 17:28:19.277 [info] > git status -z -uall [793ms]
2024-03-17 17:28:19.277 [info] > git rev-parse --show-toplevel [787ms]
2024-03-17 17:28:19.277 [info] > git remote --verbose [817ms]
2024-03-17 17:28:19.277 [info] > git for-each-ref --sort -committerdate --format %(refname) %(objectname) %(*objectname) [823ms]
2024-03-17 17:28:19.277 [info] > git rev-parse --show-toplevel [53ms]
2024-03-17 17:28:19.277 [info] > git config --get commit.template [857ms]
2024-03-17 17:28:19.277 [info] > git rev-parse --show-toplevel [4ms]
2024-03-17 17:28:19.277 [info] > git rev-parse --show-toplevel [11ms]
2024-03-17 17:28:19.277 [info] > git for-each-ref --format=%(refname)%00%(upstream:short)%00%(objectname)%00%(upstream:track)%00%(upstream:remotename)%00%(upstream:remoteref) refs/heads/master refs/remotes/master [8ms]
2024-03-17 17:28:19.277 [info] > git status -z -uall [13ms]
2024-03-17 17:28:19.277 [info] > git remote --verbose [19ms]
2024-03-17 17:28:19.277 [info] > git for-each-ref --sort -committerdate --format %(refname) %(objectname) %(*objectname) [30ms]
2024-03-17 17:28:19.277 [info] > git rev-parse --show-toplevel [48ms]
2024-03-17 17:28:19.277 [info] > git config --get commit.template [3ms]
2024-03-17 17:28:19.277 [info] > git for-each-ref --format=%(refname)%00%(upstream:short)%00%(objectname)%00%(upstream:track)%00%(upstream:remotename)%00%(upstream:remoteref) refs/heads/master refs/remotes/master [2ms]
2024-03-17 17:28:19.433 [info] > git show --textconv :TODO.md [187ms]
2024-03-17 17:28:19.434 [info] > git ls-files --stage -- /home/lewisb/documents/repos/brittonsbash/TODO.md [166ms]
2024-03-17 17:28:19.467 [info] > git cat-file -s 2bec7b4cd277bfc0b6defeb2857d5bf9d699be0e [24ms]
2024-03-17 17:28:19.469 [info] > git check-ignore -v -z --stdin [13ms]
2024-03-17 17:29:08.257 [info] > git check-ignore -v -z --stdin [2ms]
2024-03-17 17:29:09.583 [info] > git check-ignore -v -z --stdin [3ms]
2024-03-17 17:29:15.670 [info] > git show --textconv :NOTES.md [8ms]
2024-03-17 17:29:15.671 [info] > git ls-files --stage -- /home/lewisb/documents/repos/brittonsbash/NOTES.md [3ms]
2024-03-17 17:29:15.913 [info] > git check-ignore -v -z --stdin [1ms]
2024-03-17 17:29:16.435 [info] > git status -z -uall [10ms]
2024-03-17 17:29:16.435 [info] > git remote --verbose [18ms]
2024-03-17 17:29:16.436 [info] > git for-each-ref --sort -committerdate --format %(refname) %(objectname) %(*objectname) [27ms]
2024-03-17 17:29:16.439 [info] > git config --get commit.template [5ms]
2024-03-17 17:29:16.449 [info] > git for-each-ref --format=%(refname)%00%(upstream:short)%00%(objectname)%00%(upstream:track)%00%(upstream:remotename)%00%(upstream:remoteref) refs/heads/master refs/remotes/master [1ms]
2024-03-17 17:29:28.257 [info] > git check-ignore -v -z --stdin [1ms]
2024-03-17 17:29:38.647 [info] > git check-ignore -v -z --stdin [2ms]
2024-03-17 17:29:53.798 [info] > git show --textconv :TODO.md [11ms]
2024-03-17 17:29:53.798 [info] > git ls-files --stage -- /home/lewisb/documents/repos/brittonsbash/TODO.md [3ms]
2024-03-17 17:29:53.812 [info] > git cat-file -s 2bec7b4cd277bfc0b6defeb2857d5bf9d699be0e [5ms]
2024-03-17 17:29:57.502 [info] > git show --textconv :NOTES.md [23ms]
2024-03-17 17:29:57.502 [info] > git ls-files --stage -- /home/lewisb/documents/repos/brittonsbash/NOTES.md [3ms]
2024-03-17 17:30:44.404 [info] > git show --textconv :TODO.md [11ms]
2024-03-17 17:30:44.406 [info] > git ls-files --stage -- /home/lewisb/documents/repos/brittonsbash/TODO.md [3ms]
2024-03-17 17:30:44.419 [info] > git cat-file -s 2bec7b4cd277bfc0b6defeb2857d5bf9d699be0e [2ms]
2024-03-17 17:30:44.658 [info] > git status -z -uall [14ms]
2024-03-17 17:30:44.658 [info] > git remote --verbose [23ms]
2024-03-17 17:30:44.659 [info] > git for-each-ref --sort -committerdate --format %(refname) %(objectname) %(*objectname) [36ms]
2024-03-17 17:30:44.663 [info] > git config --get commit.template [5ms]
2024-03-17 17:30:44.766 [info] > git for-each-ref --format=%(refname)%00%(upstream:short)%00%(objectname)%00%(upstream:track)%00%(upstream:remotename)%00%(upstream:remoteref) refs/heads/master refs/remotes/master [1ms]
2024-03-17 17:30:50.595 [info] > git status -z -uall [19ms]
2024-03-17 17:30:50.596 [info] > git remote --verbose [36ms]
2024-03-17 17:30:50.596 [info] > git for-each-ref --sort -committerdate --format %(refname) %(objectname) %(*objectname) [54ms]
2024-03-17 17:30:50.598 [info] > git config --get commit.template [2ms]
2024-03-17 17:30:50.617 [info] > git for-each-ref --format=%(refname)%00%(upstream:short)%00%(objectname)%00%(upstream:track)%00%(upstream:remotename)%00%(upstream:remoteref) refs/heads/master refs/remotes/master [2ms]
2024-03-17 17:30:51.300 [info] > git show --textconv :README.md [43ms]
2024-03-17 17:30:51.301 [info] > git ls-files --stage -- /home/lewisb/documents/repos/brittonsbash/README.md [4ms]
2024-03-17 17:30:51.370 [info] > git cat-file -s b54e2ef1449d17791cb1e789dcf9a870fc4dc6e6 [4ms]
2024-03-17 17:31:16.538 [info] > git status -z -uall [10ms]
2024-03-17 17:31:16.538 [info] > git remote --verbose [20ms]
2024-03-17 17:31:16.539 [info] > git for-each-ref --sort -committerdate --format %(refname) %(objectname) %(*objectname) [29ms]
2024-03-17 17:31:16.540 [info] > git config --get commit.template [2ms]
2024-03-17 17:31:16.552 [info] > git for-each-ref --format=%(refname)%00%(upstream:short)%00%(objectname)%00%(upstream:track)%00%(upstream:remotename)%00%(upstream:remoteref) refs/heads/master refs/remotes/master [2ms]
2024-03-17 17:31:24.133 [info] > git show --textconv :TODO.md [17ms]
2024-03-17 17:31:24.134 [info] > git ls-files --stage -- /home/lewisb/documents/repos/brittonsbash/TODO.md [5ms]
2024-03-17 17:31:24.156 [info] > git cat-file -s 2bec7b4cd277bfc0b6defeb2857d5bf9d699be0e [5ms]
2024-03-17 17:44:27.613 [info] > git show --textconv :src/data/content/sport.data.ts [85ms]
2024-03-17 17:44:27.614 [info] > git ls-files --stage -- /home/lewisb/documents/repos/brittonsbash/src/data/content/sport.data.ts [60ms]
2024-03-17 17:44:27.659 [info] > git cat-file -s f93670b59378a91d3377204054aece3d7110b98c [6ms]
2024-03-17 17:45:05.109 [info] > git status -z -uall [13ms]
2024-03-17 17:45:05.109 [info] > git remote --verbose [25ms]
2024-03-17 17:45:05.110 [info] > git for-each-ref --sort -committerdate --format %(refname) %(objectname) %(*objectname) [38ms]
2024-03-17 17:45:05.112 [info] > git config --get commit.template [3ms]
2024-03-17 17:45:05.125 [info] > git for-each-ref --format=%(refname)%00%(upstream:short)%00%(objectname)%00%(upstream:track)%00%(upstream:remotename)%00%(upstream:remoteref) refs/heads/master refs/remotes/master [1ms]
2024-03-17 17:59:16.056 [info] > git show --textconv :src/components/compounds/home/content/home.content.ts [69ms]
2024-03-17 17:59:16.058 [info] > git ls-files --stage -- /home/lewisb/documents/repos/brittonsbash/src/components/compounds/home/content/home.content.ts [39ms]
2024-03-17 17:59:16.098 [info] > git check-ignore -v -z --stdin [46ms]
2024-03-17 17:59:16.098 [info] > git cat-file -s 68d8c3c7ae95645d925f53babd2ee65d0a66e877 [3ms]
2024-03-17 17:59:16.747 [info] > git check-ignore -v -z --stdin [1ms]
2024-03-17 18:00:35.160 [info] > git status -z -uall [22ms]
2024-03-17 18:00:35.161 [info] > git remote --verbose [43ms]
2024-03-17 18:00:35.162 [info] > git for-each-ref --sort -committerdate --format %(refname) %(objectname) %(*objectname) [61ms]
2024-03-17 18:00:35.163 [info] > git config --get commit.template [4ms]
2024-03-17 18:00:35.183 [info] > git for-each-ref --format=%(refname)%00%(upstream:short)%00%(objectname)%00%(upstream:track)%00%(upstream:remotename)%00%(upstream:remoteref) refs/heads/master refs/remotes/master [3ms]
2024-03-17 18:02:29.137 [info] > git status -z -uall [22ms]
2024-03-17 18:02:29.138 [info] > git remote --verbose [45ms]
2024-03-17 18:02:29.139 [info] > git for-each-ref --sort -committerdate --format %(refname) %(objectname) %(*objectname) [68ms]
2024-03-17 18:02:29.141 [info] > git config --get commit.template [5ms]
2024-03-17 18:02:29.159 [info] > git for-each-ref --format=%(refname)%00%(upstream:short)%00%(objectname)%00%(upstream:track)%00%(upstream:remotename)%00%(upstream:remoteref) refs/heads/master refs/remotes/master [2ms]
2024-03-17 18:02:37.475 [info] > git status -z -uall [17ms]
2024-03-17 18:02:37.476 [info] > git remote --verbose [40ms]
2024-03-17 18:02:37.476 [info] > git for-each-ref --sort -committerdate --format %(refname) %(objectname) %(*objectname) [56ms]
2024-03-17 18:02:37.478 [info] > git config --get commit.template [3ms]
2024-03-17 18:02:37.496 [info] > git for-each-ref --format=%(refname)%00%(upstream:short)%00%(objectname)%00%(upstream:track)%00%(upstream:remotename)%00%(upstream:remoteref) refs/heads/master refs/remotes/master [2ms]
2024-03-17 20:40:43.190 [info] > git show --textconv :NOTES.md [16ms]
2024-03-17 20:40:43.190 [info] > git ls-files --stage -- /home/lewisb/documents/repos/brittonsbash/NOTES.md [2ms]
2024-03-17 20:40:45.208 [info] > git show --textconv :src/components/compounds/home/content/home.content.ts [22ms]
2024-03-17 20:40:45.212 [info] > git ls-files --stage -- /home/lewisb/documents/repos/brittonsbash/src/components/compounds/home/content/home.content.ts [7ms]
2024-03-17 20:40:45.234 [info] > git cat-file -s 68d8c3c7ae95645d925f53babd2ee65d0a66e877 [5ms]
2024-03-17 20:40:47.059 [info] > git show --textconv :src/data/content/sport.data.ts [33ms]
2024-03-17 20:40:47.063 [info] > git ls-files --stage -- /home/lewisb/documents/repos/brittonsbash/src/data/content/sport.data.ts [20ms]
2024-03-17 20:40:47.082 [info] > git cat-file -s f93670b59378a91d3377204054aece3d7110b98c [6ms]
2024-03-17 20:40:48.472 [info] > git show --textconv :src/components/compounds/home/content/home.content.ts [29ms]
2024-03-17 20:40:48.473 [info] > git ls-files --stage -- /home/lewisb/documents/repos/brittonsbash/src/components/compounds/home/content/home.content.ts [14ms]
2024-03-17 20:40:48.500 [info] > git cat-file -s 68d8c3c7ae95645d925f53babd2ee65d0a66e877 [8ms]
2024-03-17 20:40:48.951 [info] > git show --textconv :TODO.md [23ms]
2024-03-17 20:40:48.955 [info] > git ls-files --stage -- /home/lewisb/documents/repos/brittonsbash/TODO.md [14ms]
2024-03-17 20:40:49.068 [info] > git cat-file -s 2bec7b4cd277bfc0b6defeb2857d5bf9d699be0e [96ms]
2024-03-17 20:40:50.917 [info] > git show --textconv :NOTES.md [28ms]
2024-03-17 20:40:50.918 [info] > git ls-files --stage -- /home/lewisb/documents/repos/brittonsbash/NOTES.md [1ms]
2024-03-17 21:15:34.992 [info] > git check-ignore -v -z --stdin [4ms]
2024-03-17 21:15:35.575 [info] > git show --textconv :src/components/bash-blocks/partials/image-components/image-matrix.component.tsx [29ms]
2024-03-17 21:15:35.579 [info] > git ls-files --stage -- /home/lewisb/documents/repos/brittonsbash/src/components/bash-blocks/partials/image-components/image-matrix.component.tsx [9ms]
2024-03-17 21:15:35.601 [info] > git cat-file -s c04283eaf7446983157639611927323cb17bd75b [4ms]
2024-03-17 21:15:36.556 [info] > git check-ignore -v -z --stdin [192ms]
2024-03-17 21:16:11.681 [info] > git status -z -uall [32ms]
2024-03-17 21:16:11.681 [info] > git remote --verbose [53ms]
2024-03-17 21:16:11.682 [info] > git for-each-ref --sort -committerdate --format %(refname) %(objectname) %(*objectname) [116ms]
2024-03-17 21:16:11.686 [info] > git config --get commit.template [5ms]
2024-03-17 21:16:11.702 [info] > git for-each-ref --format=%(refname)%00%(upstream:short)%00%(objectname)%00%(upstream:track)%00%(upstream:remotename)%00%(upstream:remoteref) refs/heads/master refs/remotes/master [2ms]
2024-03-17 21:16:19.237 [info] > git status -z -uall [47ms]
2024-03-17 21:16:19.239 [info] > git remote --verbose [76ms]
2024-03-17 21:16:19.240 [info] > git for-each-ref --sort -committerdate --format %(refname) %(objectname) %(*objectname) [97ms]
2024-03-17 21:16:19.241 [info] > git config --get commit.template [6ms]
2024-03-17 21:16:19.261 [info] > git for-each-ref --format=%(refname)%00%(upstream:short)%00%(objectname)%00%(upstream:track)%00%(upstream:remotename)%00%(upstream:remoteref) refs/heads/master refs/remotes/master [3ms]
2024-03-17 21:16:40.656 [info] > git status -z -uall [25ms]
2024-03-17 21:16:40.657 [info] > git remote --verbose [56ms]
2024-03-17 21:16:40.660 [info] > git for-each-ref --sort -committerdate --format %(refname) %(objectname) %(*objectname) [81ms]
2024-03-17 21:16:40.664 [info] > git config --get commit.template [9ms]
2024-03-17 21:16:40.685 [info] > git for-each-ref --format=%(refname)%00%(upstream:short)%00%(objectname)%00%(upstream:track)%00%(upstream:remotename)%00%(upstream:remoteref) refs/heads/master refs/remotes/master [2ms]
2024-03-17 21:16:45.735 [info] > git status -z -uall [11ms]
2024-03-17 21:16:45.735 [info] > git remote --verbose [23ms]
2024-03-17 21:16:45.735 [info] > git for-each-ref --sort -committerdate --format %(refname) %(objectname) %(*objectname) [34ms]
2024-03-17 21:16:45.736 [info] > git config --get commit.template [2ms]
2024-03-17 21:16:45.749 [info] > git for-each-ref --format=%(refname)%00%(upstream:short)%00%(objectname)%00%(upstream:track)%00%(upstream:remotename)%00%(upstream:remoteref) refs/heads/master refs/remotes/master [1ms]
2024-03-17 21:16:51.036 [info] > git status -z -uall [89ms]
2024-03-17 21:16:51.037 [info] > git remote --verbose [142ms]
2024-03-17 21:16:51.037 [info] > git for-each-ref --sort -committerdate --format %(refname) %(objectname) %(*objectname) [242ms]
2024-03-17 21:16:51.060 [info] > git config --get commit.template [45ms]
2024-03-17 21:16:51.452 [info] > git for-each-ref --format=%(refname)%00%(upstream:short)%00%(objectname)%00%(upstream:track)%00%(upstream:remotename)%00%(upstream:remoteref) refs/heads/master refs/remotes/master [6ms]
2024-03-17 21:17:00.393 [info] > git status -z -uall [12ms]
2024-03-17 21:17:00.394 [info] > git remote --verbose [23ms]
2024-03-17 21:17:00.394 [info] > git for-each-ref --sort -committerdate --format %(refname) %(objectname) %(*objectname) [34ms]
2024-03-17 21:17:00.395 [info] > git config --get commit.template [2ms]
2024-03-17 21:17:00.408 [info] > git for-each-ref --format=%(refname)%00%(upstream:short)%00%(objectname)%00%(upstream:track)%00%(upstream:remotename)%00%(upstream:remoteref) refs/heads/master refs/remotes/master [1ms]
2024-03-17 21:17:08.802 [info] > git status -z -uall [19ms]
2024-03-17 21:17:08.802 [info] > git remote --verbose [44ms]
2024-03-17 21:17:08.803 [info] > git for-each-ref --sort -committerdate --format %(refname) %(objectname) %(*objectname) [68ms]
2024-03-17 21:17:08.823 [info] > git config --get commit.template [22ms]
2024-03-17 21:17:08.824 [info] > git for-each-ref --format=%(refname)%00%(upstream:short)%00%(objectname)%00%(upstream:track)%00%(upstream:remotename)%00%(upstream:remoteref) refs/heads/master refs/remotes/master [2ms]
2024-03-17 21:17:45.220 [info] > git status -z -uall [19ms]
2024-03-17 21:17:45.221 [info] > git remote --verbose [44ms]
2024-03-17 21:17:45.222 [info] > git for-each-ref --sort -committerdate --format %(refname) %(objectname) %(*objectname) [62ms]
2024-03-17 21:17:45.223 [info] > git config --get commit.template [3ms]
2024-03-17 21:17:45.242 [info] > git for-each-ref --format=%(refname)%00%(upstream:short)%00%(objectname)%00%(upstream:track)%00%(upstream:remotename)%00%(upstream:remoteref) refs/heads/master refs/remotes/master [1ms]
2024-03-17 21:23:04.232 [info] > git status -z -uall [42ms]
2024-03-17 21:23:04.233 [info] > git remote --verbose [73ms]
2024-03-17 21:23:04.233 [info] > git for-each-ref --sort -committerdate --format %(refname) %(objectname) %(*objectname) [104ms]
2024-03-17 21:23:04.234 [info] > git config --get commit.template [2ms]
2024-03-17 21:23:04.260 [info] > git for-each-ref --format=%(refname)%00%(upstream:short)%00%(objectname)%00%(upstream:track)%00%(upstream:remotename)%00%(upstream:remoteref) refs/heads/master refs/remotes/master [2ms]
2024-03-17 21:23:27.720 [info] > git remote --verbose [31ms]
2024-03-17 21:23:27.721 [info] > git for-each-ref --sort -committerdate --format %(refname) %(objectname) %(*objectname) [65ms]
2024-03-17 21:23:27.762 [info] > git status -z -uall [45ms]
2024-03-17 21:23:27.791 [info] > git config --get commit.template [29ms]
2024-03-17 21:23:27.792 [info] > git for-each-ref --format=%(refname)%00%(upstream:short)%00%(objectname)%00%(upstream:track)%00%(upstream:remotename)%00%(upstream:remoteref) refs/heads/master refs/remotes/master [1ms]
2024-03-17 21:23:35.225 [info] > git status -z -uall [17ms]
2024-03-17 21:23:35.225 [info] > git remote --verbose [32ms]
2024-03-17 21:23:35.226 [info] > git for-each-ref --sort -committerdate --format %(refname) %(objectname) %(*objectname) [45ms]
2024-03-17 21:23:35.228 [info] > git config --get commit.template [3ms]
2024-03-17 21:23:35.245 [info] > git for-each-ref --format=%(refname)%00%(upstream:short)%00%(objectname)%00%(upstream:track)%00%(upstream:remotename)%00%(upstream:remoteref) refs/heads/master refs/remotes/master [3ms]
2024-03-17 21:23:36.009 [info] > git show --textconv :NOTES.md [72ms]
2024-03-17 21:23:36.020 [info] > git ls-files --stage -- /home/lewisb/documents/repos/brittonsbash/NOTES.md [21ms]
2024-03-17 21:23:44.239 [info] > git show --textconv :src/components/compounds/home/content/home.content.ts [25ms]
2024-03-17 21:23:44.242 [info] > git ls-files --stage -- /home/lewisb/documents/repos/brittonsbash/src/components/compounds/home/content/home.content.ts [10ms]
2024-03-17 21:23:44.264 [info] > git cat-file -s 68d8c3c7ae95645d925f53babd2ee65d0a66e877 [6ms]
2024-03-17 21:23:45.057 [info] > git show --textconv :NOTES.md [21ms]
2024-03-17 21:23:45.061 [info] > git ls-files --stage -- /home/lewisb/documents/repos/brittonsbash/NOTES.md [10ms]
2024-03-17 21:23:45.886 [info] > git show --textconv :TODO.md [24ms]
2024-03-17 21:23:45.892 [info] > git ls-files --stage -- /home/lewisb/documents/repos/brittonsbash/TODO.md [9ms]
2024-03-17 21:23:45.909 [info] > git cat-file -s 2bec7b4cd277bfc0b6defeb2857d5bf9d699be0e [2ms]
2024-03-17 21:23:47.686 [info] > git show --textconv :NOTES.md [16ms]
2024-03-17 21:23:47.690 [info] > git ls-files --stage -- /home/lewisb/documents/repos/brittonsbash/NOTES.md [6ms]
2024-03-17 21:23:50.659 [info] > git show --textconv :TODO.md [31ms]
2024-03-17 21:23:50.662 [info] > git ls-files --stage -- /home/lewisb/documents/repos/brittonsbash/TODO.md [6ms]
2024-03-17 21:23:50.686 [info] > git cat-file -s 2bec7b4cd277bfc0b6defeb2857d5bf9d699be0e [2ms]
2024-03-17 21:24:03.666 [info] > git show --textconv :src/data/content/sport.data.ts [67ms]
2024-03-17 21:24:03.684 [info] > git ls-files --stage -- /home/lewisb/documents/repos/brittonsbash/src/data/content/sport.data.ts [21ms]
2024-03-17 21:24:03.754 [info] > git cat-file -s f93670b59378a91d3377204054aece3d7110b98c [7ms]
2024-03-17 21:24:05.812 [info] > git show --textconv :src/data/content/events.data.ts [78ms]
2024-03-17 21:24:05.814 [info] > git ls-files --stage -- /home/lewisb/documents/repos/brittonsbash/src/data/content/events.data.ts [6ms]
2024-03-17 21:24:05.917 [info] > git cat-file -s 8f61534ee872500c4f602120e1c5b545e5349032 [5ms]
2024-03-17 21:25:08.626 [info] > git ls-files --stage -- /home/lewisb/documents/repos/brittonsbash/src/data/content/sport.data.ts [4ms]
2024-03-17 21:25:08.645 [info] > git show --textconv :src/data/content/sport.data.ts [42ms]
2024-03-17 21:25:08.651 [info] > git cat-file -s f93670b59378a91d3377204054aece3d7110b98c [7ms]
2024-03-17 21:27:22.388 [info] > git status -z -uall [23ms]
2024-03-17 21:27:22.389 [info] > git remote --verbose [48ms]
2024-03-17 21:27:22.390 [info] > git for-each-ref --sort -committerdate --format %(refname) %(objectname) %(*objectname) [83ms]
2024-03-17 21:27:22.393 [info] > git config --get commit.template [4ms]
2024-03-17 21:27:22.422 [info] > git for-each-ref --format=%(refname)%00%(upstream:short)%00%(objectname)%00%(upstream:track)%00%(upstream:remotename)%00%(upstream:remoteref) refs/heads/master refs/remotes/master [3ms]
2024-03-17 21:29:08.198 [info] > git status -z -uall [37ms]
2024-03-17 21:29:08.199 [info] > git remote --verbose [75ms]
2024-03-17 21:29:08.200 [info] > git for-each-ref --sort -committerdate --format %(refname) %(objectname) %(*objectname) [101ms]
2024-03-17 21:29:08.211 [info] > git config --get commit.template [7ms]
2024-03-17 21:29:08.248 [info] > git for-each-ref --format=%(refname)%00%(upstream:short)%00%(objectname)%00%(upstream:track)%00%(upstream:remotename)%00%(upstream:remoteref) refs/heads/master refs/remotes/master [3ms]
2024-03-17 21:29:20.408 [info] > git show --textconv :TODO.md [18ms]
2024-03-17 21:29:20.409 [info] > git ls-files --stage -- /home/lewisb/documents/repos/brittonsbash/TODO.md [1ms]
2024-03-17 21:29:20.436 [info] > git cat-file -s 2bec7b4cd277bfc0b6defeb2857d5bf9d699be0e [2ms]
2024-03-17 21:29:23.594 [info] > git status -z -uall [13ms]
2024-03-17 21:29:23.594 [info] > git remote --verbose [27ms]
2024-03-17 21:29:23.594 [info] > git for-each-ref --sort -committerdate --format %(refname) %(objectname) %(*objectname) [39ms]
2024-03-17 21:29:23.595 [info] > git config --get commit.template [2ms]
2024-03-17 21:29:23.609 [info] > git for-each-ref --format=%(refname)%00%(upstream:short)%00%(objectname)%00%(upstream:track)%00%(upstream:remotename)%00%(upstream:remoteref) refs/heads/master refs/remotes/master [1ms]
2024-03-17 21:30:46.952 [info] > git show --textconv :NOTES.md [36ms]
2024-03-17 21:30:47.110 [info] > git ls-files --stage -- /home/lewisb/documents/repos/brittonsbash/NOTES.md [180ms]
2024-03-17 21:30:48.523 [info] > git show --textconv :src/scripts/compilers/compile-projects.ts [65ms]
2024-03-17 21:30:48.524 [info] > git ls-files --stage -- /home/lewisb/documents/repos/brittonsbash/src/scripts/compilers/compile-projects.ts [9ms]
2024-03-17 21:30:48.636 [info] > git cat-file -s 5f207a8d4c68153d234d4effa4cb66cbfefe7c32 [8ms]
2024-03-17 21:30:49.111 [info] > git show --textconv :NOTES.md [17ms]
2024-03-17 21:30:49.113 [info] > git ls-files --stage -- /home/lewisb/documents/repos/brittonsbash/NOTES.md [1ms]
2024-03-17 21:47:58.763 [info] > git status -z -uall [12ms]
2024-03-17 21:47:58.764 [info] > git remote --verbose [21ms]
2024-03-17 21:47:58.764 [info] > git for-each-ref --sort -committerdate --format %(refname) %(objectname) %(*objectname) [30ms]
2024-03-17 21:47:58.766 [info] > git config --get commit.template [3ms]
2024-03-17 21:47:58.783 [info] > git for-each-ref --format=%(refname)%00%(upstream:short)%00%(objectname)%00%(upstream:track)%00%(upstream:remotename)%00%(upstream:remoteref) refs/heads/master refs/remotes/master [1ms]
2024-03-17 21:47:58.837 [info] > git ls-files --stage -- /home/lewisb/documents/repos/brittonsbash/NOTES.md [1ms]
2024-03-17 21:47:58.848 [info] > git cat-file -s e69de29bb2d1d6434b8b29ae775ad8c2e48c5391 [3ms]
2024-03-17 21:47:58.861 [info] > git show --textconv :NOTES.md [2ms]
2024-03-17 21:48:04.832 [info] > git status -z -uall [11ms]
2024-03-17 21:48:04.832 [info] > git remote --verbose [23ms]
2024-03-17 21:48:04.833 [info] > git for-each-ref --sort -committerdate --format %(refname) %(objectname) %(*objectname) [33ms]
2024-03-17 21:48:04.834 [info] > git config --get commit.template [2ms]
2024-03-17 21:48:04.854 [info] > git for-each-ref --format=%(refname)%00%(upstream:short)%00%(objectname)%00%(upstream:track)%00%(upstream:remotename)%00%(upstream:remoteref) refs/heads/master refs/remotes/master [4ms]
2024-03-17 21:48:04.911 [info] > git ls-files --stage -- /home/lewisb/documents/repos/brittonsbash/NOTES.md [2ms]
2024-03-17 21:48:04.922 [info] > git cat-file -s e69de29bb2d1d6434b8b29ae775ad8c2e48c5391 [1ms]
2024-03-17 21:48:04.935 [info] > git show --textconv :NOTES.md [2ms]
2024-03-17 21:48:07.833 [info] > git ls-files --stage -- /home/lewisb/documents/repos/brittonsbash/NOTES.md [1ms]
2024-03-17 21:48:07.842 [info] > git cat-file -s e69de29bb2d1d6434b8b29ae775ad8c2e48c5391 [1ms]
2024-03-17 21:48:07.855 [info] > git show --textconv :NOTES.md [1ms]
2024-03-17 21:48:09.898 [info] > git status -z -uall [9ms]
2024-03-17 21:48:09.898 [info] > git remote --verbose [18ms]
2024-03-17 21:48:09.898 [info] > git for-each-ref --sort -committerdate --format %(refname) %(objectname) %(*objectname) [26ms]
2024-03-17 21:48:09.899 [info] > git config --get commit.template [2ms]
2024-03-17 21:48:09.909 [info] > git for-each-ref --format=%(refname)%00%(upstream:short)%00%(objectname)%00%(upstream:track)%00%(upstream:remotename)%00%(upstream:remoteref) refs/heads/master refs/remotes/master [2ms]
2024-03-17 21:48:14.956 [info] > git status -z -uall [12ms]
2024-03-17 21:48:14.957 [info] > git remote --verbose [23ms]
2024-03-17 21:48:14.957 [info] > git for-each-ref --sort -committerdate --format %(refname) %(objectname) %(*objectname) [32ms]
2024-03-17 21:48:14.958 [info] > git config --get commit.template [2ms]
2024-03-17 21:48:14.969 [info] > git for-each-ref --format=%(refname)%00%(upstream:short)%00%(objectname)%00%(upstream:track)%00%(upstream:remotename)%00%(upstream:remoteref) refs/heads/master refs/remotes/master [2ms]
2024-03-17 21:48:38.659 [info] > git status -z -uall [11ms]
2024-03-17 21:48:38.659 [info] > git remote --verbose [20ms]
2024-03-17 21:48:38.660 [info] > git for-each-ref --sort -committerdate --format %(refname) %(objectname) %(*objectname) [30ms]
2024-03-17 21:48:38.660 [info] > git config --get commit.template [1ms]
2024-03-17 21:48:38.671 [info] > git for-each-ref --format=%(refname)%00%(upstream:short)%00%(objectname)%00%(upstream:track)%00%(upstream:remotename)%00%(upstream:remoteref) refs/heads/master refs/remotes/master [2ms]
