2024-03-14 16:54:56.056 [info] Validating found git in: git
2024-03-14 16:54:56.056 [info] Using git 2.38.1 from git
2024-03-14 16:54:56.056 [info] > git rev-parse --show-toplevel [3ms]
2024-03-14 16:54:56.056 [info] > git rev-parse --git-dir --git-common-dir [1ms]
2024-03-14 16:54:56.056 [info] Log level: Info
2024-03-14 16:54:56.056 [info] Open repository: /home/lewisb/documents/repos/brittonsbash
2024-03-14 16:54:56.056 [info] > git status -z -uall [25ms]
2024-03-14 16:54:56.056 [info] > git remote --verbose [34ms]
2024-03-14 16:54:56.056 [info] > git for-each-ref --sort -committerdate --format %(refname) %(objectname) %(*objectname) [40ms]
2024-03-14 16:54:56.056 [info] > git config --get commit.template [13ms]
2024-03-14 16:54:56.056 [info] > git rev-parse --show-toplevel [23ms]
2024-03-14 16:54:56.056 [info] > git rev-parse --show-toplevel [69ms]
2024-03-14 16:54:56.056 [info] > git for-each-ref --format=%(refname)%00%(upstream:short)%00%(objectname)%00%(upstream:track)%00%(upstream:remotename)%00%(upstream:remoteref) refs/heads/master refs/remotes/master [824ms]
2024-03-14 16:54:56.056 [info] > git status -z -uall [46ms]
2024-03-14 16:54:56.056 [info] > git check-ignore -v -z --stdin [30ms]
2024-03-14 16:54:56.057 [info] > git remote --verbose [62ms]
2024-03-14 16:54:56.057 [info] > git for-each-ref --sort -committerdate --format %(refname) %(objectname) %(*objectname) [72ms]
2024-03-14 16:54:56.057 [info] > git rev-parse --show-toplevel [906ms]
2024-03-14 16:54:56.057 [info] > git config --get commit.template [217ms]
2024-03-14 16:54:56.060 [info] > git rev-parse --show-toplevel [208ms]
2024-03-14 16:54:56.089 [info] > git rev-parse --show-toplevel [16ms]
2024-03-14 16:54:56.127 [info] > git show --textconv :TODO.md [20ms]
2024-03-14 16:54:56.130 [info] > git ls-files --stage -- /home/lewisb/documents/repos/brittonsbash/TODO.md [10ms]
2024-03-14 16:54:56.146 [info] > git for-each-ref --format=%(refname)%00%(upstream:short)%00%(objectname)%00%(upstream:track)%00%(upstream:remotename)%00%(upstream:remoteref) refs/heads/master refs/remotes/master [59ms]
2024-03-14 16:54:56.181 [info] > git cat-file -s 2bec7b4cd277bfc0b6defeb2857d5bf9d699be0e [38ms]
2024-03-14 17:05:38.540 [info] > git show --textconv :.vscode/settings.json [19ms]
2024-03-14 17:05:38.541 [info] > git ls-files --stage -- /home/lewisb/documents/repos/brittonsbash/.vscode/settings.json [12ms]
2024-03-14 17:05:38.874 [info] > git check-ignore -v -z --stdin [5ms]
2024-03-14 17:05:49.155 [info] > git show --textconv :.vscode/settings.json [18ms]
2024-03-14 17:05:49.155 [info] > git ls-files --stage -- /home/lewisb/documents/repos/brittonsbash/.vscode/settings.json [9ms]
2024-03-14 17:06:06.621 [info] > git show --textconv :.vscode/settings.json [24ms]
2024-03-14 17:06:06.629 [info] > git ls-files --stage -- /home/lewisb/documents/repos/brittonsbash/.vscode/settings.json [16ms]
2024-03-14 17:06:11.262 [info] > git show --textconv :TODO.md [16ms]
2024-03-14 17:06:11.266 [info] > git ls-files --stage -- /home/lewisb/documents/repos/brittonsbash/TODO.md [8ms]
2024-03-14 17:06:11.291 [info] > git cat-file -s 2bec7b4cd277bfc0b6defeb2857d5bf9d699be0e [14ms]
2024-03-14 18:05:50.627 [info] > git check-ignore -v -z --stdin [2ms]
2024-03-14 18:05:52.855 [info] > git check-ignore -v -z --stdin [15ms]
2024-03-14 18:05:53.787 [info] > git show --textconv :src/data/content/events.data.ts [35ms]
2024-03-14 18:05:53.791 [info] > git ls-files --stage -- /home/lewisb/documents/repos/brittonsbash/src/data/content/events.data.ts [5ms]
2024-03-14 18:05:53.828 [info] > git cat-file -s 83880d0d1d074e98ea8cf13d4d5ace7698ee198b [4ms]
2024-03-14 18:05:55.807 [info] > git ls-files --stage -- /home/lewisb/documents/repos/brittonsbash/src/scripts/compilers/compile-projects.ts [22ms]
2024-03-14 18:05:55.884 [info] > git show --textconv :src/scripts/compilers/compile-projects.ts [115ms]
2024-03-14 18:05:55.885 [info] > git cat-file -s 5f207a8d4c68153d234d4effa4cb66cbfefe7c32 [32ms]
