2024-03-17 21:41:47.828 [info] Validating found git in: git
2024-03-17 21:41:47.828 [info] Using git 2.38.1 from git
2024-03-17 21:41:47.828 [info] > git rev-parse --show-toplevel [7ms]
2024-03-17 21:41:47.828 [info] > git rev-parse --git-dir --git-common-dir [5ms]
2024-03-17 21:41:47.828 [info] Log level: Info
2024-03-17 21:41:47.828 [info] Open repository: /home/lewisb/documents/repos/brittonsbash-content
2024-03-17 21:41:47.828 [info] > git status -z -uall [483ms]
2024-03-17 21:41:47.828 [info] > git remote --verbose [500ms]
2024-03-17 21:41:47.828 [info] > git for-each-ref --sort -committerdate --format %(refname) %(objectname) %(*objectname) [516ms]
2024-03-17 21:41:47.828 [info] > git config --get commit.template [498ms]
2024-03-17 21:41:47.828 [info] > git rev-parse --show-toplevel [509ms]
2024-03-17 21:41:47.828 [info] > git rev-parse --show-toplevel [16ms]
2024-03-17 21:41:47.831 [info] > git for-each-ref --format=%(refname)%00%(upstream:short)%00%(objectname)%00%(upstream:track)%00%(upstream:remotename)%00%(upstream:remoteref) refs/heads/master refs/remotes/master [8ms]
2024-03-17 21:41:47.860 [info] > git rev-parse --show-toplevel [47ms]
2024-03-17 21:41:47.881 [info] > git status -z -uall [22ms]
2024-03-17 21:41:47.882 [info] > git remote --verbose [30ms]
2024-03-17 21:41:47.883 [info] > git for-each-ref --sort -committerdate --format %(refname) %(objectname) %(*objectname) [38ms]
2024-03-17 21:41:47.884 [info] > git config --get commit.template [4ms]
2024-03-17 21:41:47.885 [info] > git rev-parse --show-toplevel [15ms]
2024-03-17 21:41:47.897 [info] > git for-each-ref --format=%(refname)%00%(upstream:short)%00%(objectname)%00%(upstream:track)%00%(upstream:remotename)%00%(upstream:remoteref) refs/heads/master refs/remotes/master [4ms]
2024-03-17 21:41:48.257 [info] > git check-ignore -v -z --stdin [10ms]
2024-03-17 21:41:48.365 [info] > git ls-files --stage -- /home/lewisb/documents/repos/brittonsbash-content/data/content/sport.data.json [2ms]
2024-03-17 21:41:48.393 [info] > git show --textconv :data/content/sport.data.json [48ms]
2024-03-17 21:41:48.397 [info] > git cat-file -s 0967ef424bce6791893e9a57bb952f80fd536e93 [4ms]
2024-03-17 21:41:58.827 [info] > git check-ignore -v -z --stdin [2ms]
2024-03-17 21:42:00.097 [info] > git check-ignore -v -z --stdin [2ms]
2024-03-17 21:42:01.535 [info] > git check-ignore -v -z --stdin [3ms]
2024-03-17 21:42:02.724 [info] > git check-ignore -v -z --stdin [4ms]
2024-03-17 21:42:05.903 [info] > git show --textconv :documents/writings/cooking-guide/placeholder.md [77ms]
2024-03-17 21:42:05.905 [info] > git ls-files --stage -- /home/lewisb/documents/repos/brittonsbash-content/documents/writings/cooking-guide/placeholder.md [47ms]
2024-03-17 21:42:05.931 [info] > git cat-file -s 8c155cae771ce53e1a2a698bd859af60a10a4031 [3ms]
2024-03-17 21:46:05.292 [info] > git status -z -uall [20ms]
2024-03-17 21:46:05.293 [info] > git remote --verbose [32ms]
2024-03-17 21:46:05.293 [info] > git for-each-ref --sort -committerdate --format %(refname) %(objectname) %(*objectname) [50ms]
2024-03-17 21:46:05.295 [info] > git config --get commit.template [5ms]
2024-03-17 21:46:05.311 [info] > git for-each-ref --format=%(refname)%00%(upstream:short)%00%(objectname)%00%(upstream:track)%00%(upstream:remotename)%00%(upstream:remoteref) refs/heads/master refs/remotes/master [2ms]
2024-03-17 21:46:08.418 [info] > git ls-files --stage -- /home/lewisb/documents/repos/brittonsbash-content/documents/writings/cooking-guide/placeholder.md [2ms]
2024-03-17 21:46:08.432 [info] > git cat-file -s 8d29516bde5216a12aa1cbb84d23840fb7f06487 [1ms]
2024-03-17 21:46:08.454 [info] > git show --textconv :documents/writings/cooking-guide/placeholder.md [4ms]
2024-03-17 21:46:10.370 [info] > git remote --verbose [21ms]
2024-03-17 21:46:10.370 [info] > git for-each-ref --sort -committerdate --format %(refname) %(objectname) %(*objectname) [39ms]
2024-03-17 21:46:10.371 [info] > git status -z -uall [13ms]
2024-03-17 21:46:10.371 [info] > git config --get commit.template [2ms]
2024-03-17 21:46:10.383 [info] > git for-each-ref --format=%(refname)%00%(upstream:short)%00%(objectname)%00%(upstream:track)%00%(upstream:remotename)%00%(upstream:remoteref) refs/heads/master refs/remotes/master [1ms]
2024-03-17 21:46:12.563 [info] > git ls-files --stage -- /home/lewisb/documents/repos/brittonsbash-content/documents/writings/cooking-guide/placeholder.md [1ms]
2024-03-17 21:46:12.578 [info] > git cat-file -s 8d29516bde5216a12aa1cbb84d23840fb7f06487 [2ms]
2024-03-17 21:46:12.600 [info] > git show --textconv :documents/writings/cooking-guide/placeholder.md [5ms]
2024-03-17 21:46:15.434 [info] > git status -z -uall [12ms]
2024-03-17 21:46:15.435 [info] > git remote --verbose [23ms]
2024-03-17 21:46:15.435 [info] > git for-each-ref --sort -committerdate --format %(refname) %(objectname) %(*objectname) [33ms]
2024-03-17 21:46:15.435 [info] > git config --get commit.template [1ms]
2024-03-17 21:46:15.447 [info] > git for-each-ref --format=%(refname)%00%(upstream:short)%00%(objectname)%00%(upstream:track)%00%(upstream:remotename)%00%(upstream:remoteref) refs/heads/master refs/remotes/master [2ms]
2024-03-17 21:46:16.943 [info] > git ls-files --stage -- /home/lewisb/documents/repos/brittonsbash-content/documents/writings/cooking-guide/placeholder.md [3ms]
2024-03-17 21:46:16.959 [info] > git cat-file -s 8d29516bde5216a12aa1cbb84d23840fb7f06487 [3ms]
2024-03-17 21:46:16.978 [info] > git show --textconv :documents/writings/cooking-guide/placeholder.md [4ms]
2024-03-17 21:46:17.653 [info] > git show --textconv :data/content/sport.data.json [53ms]
2024-03-17 21:46:17.661 [info] > git ls-files --stage -- /home/lewisb/documents/repos/brittonsbash-content/data/content/sport.data.json [28ms]
2024-03-17 21:46:17.708 [info] > git cat-file -s 0967ef424bce6791893e9a57bb952f80fd536e93 [18ms]
