2024-03-14 21:15:30.390 [info] Validating found git in: git
2024-03-14 21:15:30.390 [info] Using git 2.38.1 from git
2024-03-14 21:15:30.390 [info] > git rev-parse --show-toplevel [14ms]
2024-03-14 21:15:30.390 [info] > git rev-parse --git-dir --git-common-dir [10ms]
2024-03-14 21:15:30.390 [info] Log level: Info
2024-03-14 21:15:30.390 [info] Open repository: /home/lewisb/documents/repos/brittonsbash
2024-03-14 21:15:30.390 [info] > git status -z -uall [96ms]
2024-03-14 21:15:30.390 [info] > git remote --verbose [108ms]
2024-03-14 21:15:30.390 [info] > git for-each-ref --sort -committerdate --format %(refname) %(objectname) %(*objectname) [128ms]
2024-03-14 21:15:30.390 [info] > git rev-parse --show-toplevel [86ms]
2024-03-14 21:15:30.390 [info] > git config --get commit.template [16ms]
2024-03-14 21:15:30.390 [info] > git rev-parse --show-toplevel [15ms]
2024-03-14 21:15:30.390 [info] > git for-each-ref --format=%(refname)%00%(upstream:short)%00%(objectname)%00%(upstream:track)%00%(upstream:remotename)%00%(upstream:remoteref) refs/heads/master refs/remotes/master [14ms]
2024-03-14 21:15:30.390 [info] > git remote --verbose [14ms]
2024-03-14 21:15:30.390 [info] > git for-each-ref --sort -committerdate --format %(refname) %(objectname) %(*objectname) [27ms]
2024-03-14 21:15:30.390 [info] > git rev-parse --show-toplevel [52ms]
2024-03-14 21:15:30.390 [info] > git status -z -uall [32ms]
2024-03-14 21:15:30.390 [info] > git rev-parse --show-toplevel [14ms]
2024-03-14 21:15:30.390 [info] > git config --get commit.template [16ms]
2024-03-14 21:15:30.390 [info] > git rev-parse --show-toplevel [13ms]
2024-03-14 21:15:30.390 [info] > git for-each-ref --format=%(refname)%00%(upstream:short)%00%(objectname)%00%(upstream:track)%00%(upstream:remotename)%00%(upstream:remoteref) refs/heads/master refs/remotes/master [18ms]
2024-03-14 21:15:30.390 [info] > git rev-parse --show-toplevel [4ms]
2024-03-14 21:15:30.390 [info] > git check-ignore -v -z --stdin [22ms]
2024-03-14 21:15:30.805 [info] > git show --textconv :src/scripts/compilers/compile-projects.ts [440ms]
2024-03-14 21:15:30.805 [info] > git ls-files --stage -- /home/lewisb/documents/repos/brittonsbash/src/scripts/compilers/compile-projects.ts [416ms]
2024-03-14 21:15:30.843 [info] > git cat-file -s 5f207a8d4c68153d234d4effa4cb66cbfefe7c32 [11ms]
2024-03-14 21:15:35.445 [info] > git check-ignore -v -z --stdin [6ms]
2024-03-14 21:15:36.734 [info] > git check-ignore -v -z --stdin [3ms]
2024-03-14 21:15:38.350 [info] > git check-ignore -v -z --stdin [4ms]
2024-03-14 21:15:42.399 [info] > git show --textconv :src/data/aggregate/media.data.ts [20ms]
2024-03-14 21:15:42.401 [info] > git ls-files --stage -- /home/lewisb/documents/repos/brittonsbash/src/data/aggregate/media.data.ts [8ms]
2024-03-14 21:15:42.416 [info] > git cat-file -s c620e7253ec21216ad1fd3b9e5994551c0033595 [1ms]
2024-03-14 21:15:43.082 [info] > git show --textconv :src/data/aggregate/miscellaneous.data.ts [23ms]
2024-03-14 21:15:43.095 [info] > git ls-files --stage -- /home/lewisb/documents/repos/brittonsbash/src/data/aggregate/miscellaneous.data.ts [15ms]
2024-03-14 21:15:43.139 [info] > git cat-file -s c3367ab74202cc7cbae17ea87d5ad2a853bdf199 [26ms]
2024-03-14 21:16:00.970 [info] > git show --textconv :src/data/aggregate/activity.data.ts [14ms]
2024-03-14 21:16:00.971 [info] > git ls-files --stage -- /home/lewisb/documents/repos/brittonsbash/src/data/aggregate/activity.data.ts [2ms]
2024-03-14 21:16:01.007 [info] > git cat-file -s 9a54bb36c68b14b112d9e33be01386b059eb4566 [17ms]
2024-03-14 21:19:14.658 [info] > git check-ignore -v -z --stdin [1ms]
2024-03-14 21:19:15.895 [info] > git check-ignore -v -z --stdin [1ms]
