2024-03-17 23:14:03.128 [info] Extension host with pid 11582 started
2024-03-17 23:14:03.128 [info] Skipping acquiring lock for /home/lewisb/.config/Code - OSS/User/workspaceStorage/ecf47b2d59bd342e6e1291efa54820c5.
2024-03-17 23:14:04.236 [info] ExtensionService#_doActivateExtension vscode.typescript-language-features, startup: false, activationEvent: 'onLanguage:typescript'
2024-03-17 23:14:04.236 [info] ExtensionService#_doActivateExtension dsznajder.es7-react-js-snippets, startup: false, activationEvent: 'onLanguage:typescript'
2024-03-17 23:14:04.237 [info] ExtensionService#_doActivateExtension vscode.git-base, startup: true, activationEvent: '*', root cause: vscode.git
2024-03-17 23:14:04.237 [info] ExtensionService#_doActivateExtension vscode.npm, startup: true, activationEvent: 'workspaceContains:package.json'
2024-03-17 23:14:05.325 [info] ExtensionService#_doActivateExtension vscode.git, startup: true, activationEvent: '*'
2024-03-17 23:14:05.326 [info] ExtensionService#_doActivateExtension vscode.github, startup: true, activationEvent: '*'
2024-03-17 23:14:05.326 [info] ExtensionService#_doActivateExtension vscode.css-language-features, startup: false, activationEvent: 'onLanguage:scss'
2024-03-17 23:14:05.973 [info] Eager extensions activated
2024-03-17 23:14:06.225 [info] ExtensionService#_doActivateExtension vscode.debug-auto-launch, startup: false, activationEvent: 'onStartupFinished'
2024-03-17 23:14:06.225 [info] ExtensionService#_doActivateExtension vscode.emmet, startup: false, activationEvent: 'onStartupFinished'
2024-03-17 23:14:06.226 [info] ExtensionService#_doActivateExtension vscode.merge-conflict, startup: false, activationEvent: 'onStartupFinished'
2024-03-17 23:14:06.226 [info] ExtensionService#_doActivateExtension dbaeumer.vscode-eslint, startup: false, activationEvent: 'onStartupFinished'
2024-03-17 23:14:06.227 [info] ExtensionService#_doActivateExtension esbenp.prettier-vscode, startup: false, activationEvent: 'onStartupFinished'
2024-03-17 23:14:06.227 [info] ExtensionService#_doActivateExtension streetsidesoftware.code-spell-checker, startup: false, activationEvent: 'onStartupFinished'
2024-03-17 23:14:07.433 [error] Activating extension dbaeumer.vscode-eslint failed due to an error:
2024-03-17 23:14:07.433 [error] Error: The language client requires VS Code version ^1.82.0 but received version 1.73.1
	at b.checkVersion (/home/lewisb/.vscode-oss/extensions/dbaeumer.vscode-eslint-2.4.4-universal/client/out/extension.js:1:270143)
	at new b (/home/lewisb/.vscode-oss/extensions/dbaeumer.vscode-eslint-2.4.4-universal/client/out/extension.js:1:269848)
	at e.create (/home/lewisb/.vscode-oss/extensions/dbaeumer.vscode-eslint-2.4.4-universal/client/out/extension.js:1:327852)
	at f (/home/lewisb/.vscode-oss/extensions/dbaeumer.vscode-eslint-2.4.4-universal/client/out/extension.js:1:387379)
	at t (/home/lewisb/.vscode-oss/extensions/dbaeumer.vscode-eslint-2.4.4-universal/client/out/extension.js:1:388125)
	at e.activate (/home/lewisb/.vscode-oss/extensions/dbaeumer.vscode-eslint-2.4.4-universal/client/out/extension.js:1:389104)
	at On._callActivateOptional (/usr/lib/code/out/vs/workbench/api/node/extensionHostProcess.js:104:17678)
	at On._callActivate (/usr/lib/code/out/vs/workbench/api/node/extensionHostProcess.js:104:17338)
	at /usr/lib/code/out/vs/workbench/api/node/extensionHostProcess.js:104:15133
	at process.processTicksAndRejections (node:internal/process/task_queues:96:5)
	at async w._activate (/usr/lib/code/out/vs/workbench/api/node/extensionHostProcess.js:90:8304)
	at async w._waitForDepsThenActivate (/usr/lib/code/out/vs/workbench/api/node/extensionHostProcess.js:90:8246)
	at async w._initialize (/usr/lib/code/out/vs/workbench/api/node/extensionHostProcess.js:90:7610)
2024-03-17 23:14:09.556 [info] ExtensionService#_doActivateExtension streetsidesoftware.code-spell-checker-british-english, startup: false, activationEvent: 'onStartupFinished'
2024-03-17 23:51:22.690 [info] Extension host terminating: received terminate message from renderer
2024-03-17 23:51:22.724 [error] Error: read ECONNRESET
	at Pipe.onStreamRead (node:internal/stream_base_commons:217:20)
2024-03-17 23:51:22.734 [info] Extension host with pid 11582 exiting with code 0
