2024-03-18 11:14:14.434 [info] Validating found git in: git
2024-03-18 11:14:14.435 [info] Using git 2.38.1 from git
2024-03-18 11:14:14.435 [info] > git rev-parse --show-toplevel [13ms]
2024-03-18 11:14:14.435 [info] > git rev-parse --git-dir --git-common-dir [4ms]
2024-03-18 11:14:14.435 [info] Log level: Info
2024-03-18 11:14:14.435 [info] Open repository: /home/lewisb/documents/repos/brittonsbash-content
2024-03-18 11:14:14.436 [info] > git status -z -uall [915ms]
2024-03-18 11:14:14.437 [info] > git remote --verbose [928ms]
2024-03-18 11:14:14.438 [info] > git for-each-ref --sort -committerdate --format %(refname) %(objectname) %(*objectname) [937ms]
2024-03-18 11:14:14.490 [info] > git config --get commit.template [916ms]
2024-03-18 11:14:14.491 [info] > git rev-parse --show-toplevel [935ms]
2024-03-18 11:14:14.502 [info] > git check-ignore -v -z --stdin [36ms]
2024-03-18 11:14:14.516 [info] > git rev-parse --show-toplevel [17ms]
2024-03-18 11:14:14.530 [info] > git rev-parse --show-toplevel [3ms]
2024-03-18 11:14:14.541 [info] > git for-each-ref --format=%(refname)%00%(upstream:short)%00%(objectname)%00%(upstream:track)%00%(upstream:remotename)%00%(upstream:remoteref) refs/heads/master refs/remotes/master [27ms]
2024-03-18 11:14:14.589 [info] > git remote --verbose [19ms]
2024-03-18 11:14:14.590 [info] > git for-each-ref --sort -committerdate --format %(refname) %(objectname) %(*objectname) [28ms]
2024-03-18 11:14:14.590 [info] > git rev-parse --show-toplevel [50ms]
2024-03-18 11:14:14.685 [info] > git status -z -uall [107ms]
2024-03-18 11:14:14.685 [info] > git show --textconv :data/content/sport.data.json [76ms]
2024-03-18 11:14:14.686 [info] > git config --get commit.template [98ms]
2024-03-18 11:14:14.720 [info] > git ls-files --stage -- /home/lewisb/documents/repos/brittonsbash-content/data/content/sport.data.json [99ms]
2024-03-18 11:14:14.777 [info] > git cat-file -s 0967ef424bce6791893e9a57bb952f80fd536e93 [28ms]
2024-03-18 11:14:14.790 [info] > git for-each-ref --format=%(refname)%00%(upstream:short)%00%(objectname)%00%(upstream:track)%00%(upstream:remotename)%00%(upstream:remoteref) refs/heads/master refs/remotes/master [11ms]
2024-03-18 11:14:15.259 [info] > git check-ignore -v -z --stdin [18ms]
2024-03-18 11:14:18.160 [info] > git show --textconv :documents/writings/cooking-guide/placeholder.md [17ms]
2024-03-18 11:14:18.160 [info] > git ls-files --stage -- /home/lewisb/documents/repos/brittonsbash-content/documents/writings/cooking-guide/placeholder.md [4ms]
2024-03-18 11:14:18.180 [info] > git cat-file -s 8d29516bde5216a12aa1cbb84d23840fb7f06487 [1ms]
2024-03-18 11:14:38.204 [info] > git check-ignore -v -z --stdin [2ms]
2024-03-18 11:14:41.930 [info] > git check-ignore -v -z --stdin [1ms]
2024-03-18 11:14:47.006 [info] > git show --textconv :documents/writings/miscellaneous/christmas-preparation.md [21ms]
2024-03-18 11:14:47.037 [info] > git ls-files --stage -- /home/lewisb/documents/repos/brittonsbash-content/documents/writings/miscellaneous/christmas-preparation.md [34ms]
2024-03-18 11:14:47.089 [info] > git cat-file -s 0cb6ef8526aa5f598f0689e4daa18e04697b3d2e [14ms]
2024-03-18 11:15:17.541 [info] > git check-ignore -v -z --stdin [1ms]
2024-03-18 11:15:29.057 [info] > git show --textconv :documents/writings/miscellaneous/wishlist.md [27ms]
2024-03-18 11:15:29.061 [info] > git ls-files --stage -- /home/lewisb/documents/repos/brittonsbash-content/documents/writings/miscellaneous/wishlist.md [10ms]
2024-03-18 11:15:29.261 [info] > git check-ignore -v -z --stdin [1ms]
2024-03-18 11:15:29.795 [info] > git status -z -uall [11ms]
2024-03-18 11:15:29.795 [info] > git remote --verbose [21ms]
2024-03-18 11:15:29.796 [info] > git for-each-ref --sort -committerdate --format %(refname) %(objectname) %(*objectname) [31ms]
2024-03-18 11:15:29.798 [info] > git config --get commit.template [3ms]
2024-03-18 11:15:29.811 [info] > git for-each-ref --format=%(refname)%00%(upstream:short)%00%(objectname)%00%(upstream:track)%00%(upstream:remotename)%00%(upstream:remoteref) refs/heads/master refs/remotes/master [2ms]
2024-03-18 11:18:58.156 [info] > git show --textconv :documents/writings/miscellaneous/christmas-preparation.md [10ms]
2024-03-18 11:18:58.162 [info] > git ls-files --stage -- /home/lewisb/documents/repos/brittonsbash-content/documents/writings/miscellaneous/christmas-preparation.md [7ms]
2024-03-18 11:18:58.190 [info] > git cat-file -s 0cb6ef8526aa5f598f0689e4daa18e04697b3d2e [19ms]
2024-03-18 11:19:59.838 [info] > git show --textconv :data/content/regions.data.json [31ms]
2024-03-18 11:19:59.844 [info] > git ls-files --stage -- /home/lewisb/documents/repos/brittonsbash-content/data/content/regions.data.json [6ms]
2024-03-18 11:19:59.863 [info] > git cat-file -s a2c40bf6736faf84d28e4bc7f3ddea0b01cbd0b6 [3ms]
2024-03-18 11:20:04.402 [info] > git show --textconv :data/content/hills.data.json [74ms]
2024-03-18 11:20:04.479 [info] > git ls-files --stage -- /home/lewisb/documents/repos/brittonsbash-content/data/content/hills.data.json [129ms]
2024-03-18 11:20:04.522 [info] > git cat-file -s b9b8fa686d729989561389332089990c76a23f59 [16ms]
2024-03-18 11:20:08.240 [info] > git show --textconv :documents/writings/miscellaneous/christmas-preparation.md [27ms]
2024-03-18 11:20:08.241 [info] > git ls-files --stage -- /home/lewisb/documents/repos/brittonsbash-content/documents/writings/miscellaneous/christmas-preparation.md [15ms]
2024-03-18 11:20:08.276 [info] > git cat-file -s 0cb6ef8526aa5f598f0689e4daa18e04697b3d2e [13ms]
2024-03-18 11:20:10.553 [info] > git show --textconv :data/content/sport.data.json [23ms]
2024-03-18 11:20:10.554 [info] > git ls-files --stage -- /home/lewisb/documents/repos/brittonsbash-content/data/content/sport.data.json [4ms]
2024-03-18 11:20:10.576 [info] > git cat-file -s 0967ef424bce6791893e9a57bb952f80fd536e93 [3ms]
2024-03-18 11:20:11.317 [info] > git show --textconv :documents/writings/miscellaneous/christmas-preparation.md [22ms]
2024-03-18 11:20:11.317 [info] > git ls-files --stage -- /home/lewisb/documents/repos/brittonsbash-content/documents/writings/miscellaneous/christmas-preparation.md [3ms]
2024-03-18 11:20:11.341 [info] > git cat-file -s 0cb6ef8526aa5f598f0689e4daa18e04697b3d2e [2ms]
2024-03-18 11:20:12.238 [info] > git show --textconv :documents/writings/cooking-guide/placeholder.md [32ms]
2024-03-18 11:20:12.239 [info] > git ls-files --stage -- /home/lewisb/documents/repos/brittonsbash-content/documents/writings/cooking-guide/placeholder.md [15ms]
2024-03-18 11:20:12.327 [info] > git cat-file -s 8d29516bde5216a12aa1cbb84d23840fb7f06487 [59ms]
2024-03-18 11:20:14.585 [info] > git status -z -uall [18ms]
2024-03-18 11:20:14.585 [info] > git remote --verbose [33ms]
2024-03-18 11:20:14.585 [info] > git for-each-ref --sort -committerdate --format %(refname) %(objectname) %(*objectname) [47ms]
2024-03-18 11:20:14.589 [info] > git config --get commit.template [4ms]
2024-03-18 11:20:14.608 [info] > git for-each-ref --format=%(refname)%00%(upstream:short)%00%(objectname)%00%(upstream:track)%00%(upstream:remotename)%00%(upstream:remoteref) refs/heads/master refs/remotes/master [2ms]
