[Trace 17:28:17.675] VsCodeClientWorkspace: TextDocument.onDidOpen: file:///home/lewisb/documents/repos/brittonsbash/TODO.md
[Trace 17:28:17.677] VsCodeClientWorkspace: TextDocument.onDidChanceContent: file:///home/lewisb/documents/repos/brittonsbash/TODO.md
[Trace 17:28:17.679] Server: connection.languages.diagnostics.on: file:///home/lewisb/documents/repos/brittonsbash/TODO.md
[Trace 17:28:17.680] Server: connection.languages.diagnostics.on: file:///home/lewisb/documents/repos/brittonsbash/TODO.md
[Debug 17:28:17.821] LinkProvider: compute - file:///home/lewisb/documents/repos/brittonsbash/TODO.md
[Debug 17:28:19.418] MdFoldingProvider: provideFoldingRanges — file:///home/lewisb/documents/repos/brittonsbash/TODO.md 1
[Debug 17:28:19.418] TableOfContentsProvider: create - file:///home/lewisb/documents/repos/brittonsbash/TODO.md
[Trace 17:28:19.958] DocumentSymbolProvider: provideDocumentSymbols — file:///home/lewisb/documents/repos/brittonsbash/TODO.md 1
[Trace 17:29:15.404] Server: connection.languages.diagnostics.on: file:///home/lewisb/documents/repos/brittonsbash/NOTES.md
[Trace 17:29:15.407] VsCodeClientWorkspace: TextDocument.onDidOpen: file:///home/lewisb/documents/repos/brittonsbash/NOTES.md
[Trace 17:29:15.407] VsCodeClientWorkspace: TextDocument.onDidChanceContent: file:///home/lewisb/documents/repos/brittonsbash/NOTES.md
[Trace 17:29:15.409] Server: connection.languages.diagnostics.on: file:///home/lewisb/documents/repos/brittonsbash/NOTES.md
[Trace 17:29:15.484] Server: connection.languages.diagnostics.on: file:///home/lewisb/documents/repos/brittonsbash/NOTES.md
[Trace 17:29:15.484] DocumentSymbolProvider: provideDocumentSymbols — file:///home/lewisb/documents/repos/brittonsbash/NOTES.md 1
[Debug 17:29:15.484] LinkProvider: compute - file:///home/lewisb/documents/repos/brittonsbash/NOTES.md
[Debug 17:29:15.488] TableOfContentsProvider: create - file:///home/lewisb/documents/repos/brittonsbash/NOTES.md
[Trace 17:29:15.596] Server: connection.languages.diagnostics.on: file:///home/lewisb/documents/repos/brittonsbash/TODO.md
[Trace 17:29:15.650] VsCodeClientWorkspace: onDidChangeWatchedFiles: 1: file:///home/lewisb/documents/repos/brittonsbash/NOTES.md
[Debug 17:29:15.678] MdFoldingProvider: provideFoldingRanges — file:///home/lewisb/documents/repos/brittonsbash/NOTES.md 1
[Trace 17:29:53.639] Server: connection.languages.diagnostics.on: file:///home/lewisb/documents/repos/brittonsbash/TODO.md
[Trace 17:29:53.796] Server: connection.languages.diagnostics.on: file:///home/lewisb/documents/repos/brittonsbash/NOTES.md
[Debug 17:29:53.797] MdFoldingProvider: provideFoldingRanges — file:///home/lewisb/documents/repos/brittonsbash/TODO.md 1
[Trace 17:29:57.121] Server: connection.languages.diagnostics.on: file:///home/lewisb/documents/repos/brittonsbash/NOTES.md
[Debug 17:29:57.289] MdFoldingProvider: provideFoldingRanges — file:///home/lewisb/documents/repos/brittonsbash/NOTES.md 1
[Trace 17:29:57.469] Server: connection.languages.diagnostics.on: file:///home/lewisb/documents/repos/brittonsbash/TODO.md
[Trace 17:29:57.543] VsCodeClientWorkspace: TextDocument.onDidChanceContent: file:///home/lewisb/documents/repos/brittonsbash/NOTES.md
[Trace 17:29:57.543] Server: connection.languages.diagnostics.on: file:///home/lewisb/documents/repos/brittonsbash/NOTES.md
[Debug 17:29:57.713] MdFoldingProvider: provideFoldingRanges — file:///home/lewisb/documents/repos/brittonsbash/NOTES.md 2
[Debug 17:29:57.713] TableOfContentsProvider: create - file:///home/lewisb/documents/repos/brittonsbash/NOTES.md
[Trace 17:29:57.744] Server: connection.languages.diagnostics.on: file:///home/lewisb/documents/repos/brittonsbash/TODO.md
[Debug 17:29:57.763] LinkProvider: compute - file:///home/lewisb/documents/repos/brittonsbash/NOTES.md
[Trace 17:29:57.863] DocumentSymbolProvider: provideDocumentSymbols — file:///home/lewisb/documents/repos/brittonsbash/NOTES.md 2
[Trace 17:30:41.648] VsCodeClientWorkspace: TextDocument.onDidChanceContent: file:///home/lewisb/documents/repos/brittonsbash/NOTES.md
[Trace 17:30:41.648] Server: connection.languages.diagnostics.on: file:///home/lewisb/documents/repos/brittonsbash/NOTES.md
[Debug 17:30:41.822] MdFoldingProvider: provideFoldingRanges — file:///home/lewisb/documents/repos/brittonsbash/NOTES.md 3
[Debug 17:30:41.822] TableOfContentsProvider: create - file:///home/lewisb/documents/repos/brittonsbash/NOTES.md
[Trace 17:30:41.849] Server: connection.languages.diagnostics.on: file:///home/lewisb/documents/repos/brittonsbash/TODO.md
[Trace 17:30:41.972] DocumentSymbolProvider: provideDocumentSymbols — file:///home/lewisb/documents/repos/brittonsbash/NOTES.md 3
[Debug 17:30:41.972] LinkProvider: compute - file:///home/lewisb/documents/repos/brittonsbash/NOTES.md
[Trace 17:30:43.859] VsCodeClientWorkspace: onDidChangeWatchedFiles: 2: file:///home/lewisb/documents/repos/brittonsbash/NOTES.md
[Trace 17:30:44.108] Server: connection.languages.diagnostics.on: file:///home/lewisb/documents/repos/brittonsbash/TODO.md
[Debug 17:30:44.262] MdFoldingProvider: provideFoldingRanges — file:///home/lewisb/documents/repos/brittonsbash/TODO.md 1
[Trace 17:30:44.374] Server: connection.languages.diagnostics.on: file:///home/lewisb/documents/repos/brittonsbash/NOTES.md
[Trace 17:30:47.321] VsCodeClientWorkspace: TextDocument.onDidChanceContent: file:///home/lewisb/documents/repos/brittonsbash/TODO.md
[Trace 17:30:47.322] Server: connection.languages.diagnostics.on: file:///home/lewisb/documents/repos/brittonsbash/TODO.md
[Debug 17:30:47.475] MdFoldingProvider: provideFoldingRanges — file:///home/lewisb/documents/repos/brittonsbash/TODO.md 2
[Debug 17:30:47.475] TableOfContentsProvider: create - file:///home/lewisb/documents/repos/brittonsbash/TODO.md
[Trace 17:30:47.524] Server: connection.languages.diagnostics.on: file:///home/lewisb/documents/repos/brittonsbash/NOTES.md
[Trace 17:30:47.716] DocumentSymbolProvider: provideDocumentSymbols — file:///home/lewisb/documents/repos/brittonsbash/TODO.md 2
[Debug 17:30:47.717] LinkProvider: compute - file:///home/lewisb/documents/repos/brittonsbash/TODO.md
[Trace 17:30:48.171] VsCodeClientWorkspace: TextDocument.onDidChanceContent: file:///home/lewisb/documents/repos/brittonsbash/TODO.md
[Trace 17:30:48.171] Server: connection.languages.diagnostics.on: file:///home/lewisb/documents/repos/brittonsbash/TODO.md
[Trace 17:30:48.320] VsCodeClientWorkspace: TextDocument.onDidChanceContent: file:///home/lewisb/documents/repos/brittonsbash/TODO.md
[Trace 17:30:48.321] Server: connection.languages.diagnostics.on: file:///home/lewisb/documents/repos/brittonsbash/TODO.md
[Trace 17:30:48.373] Server: connection.languages.diagnostics.on: file:///home/lewisb/documents/repos/brittonsbash/NOTES.md
[Debug 17:30:48.504] MdFoldingProvider: provideFoldingRanges — file:///home/lewisb/documents/repos/brittonsbash/TODO.md 4
[Debug 17:30:48.504] TableOfContentsProvider: create - file:///home/lewisb/documents/repos/brittonsbash/TODO.md
[Trace 17:30:48.655] DocumentSymbolProvider: provideDocumentSymbols — file:///home/lewisb/documents/repos/brittonsbash/TODO.md 4
[Debug 17:30:48.655] LinkProvider: compute - file:///home/lewisb/documents/repos/brittonsbash/TODO.md
[Trace 17:30:49.775] VsCodeClientWorkspace: onDidChangeWatchedFiles: 2: file:///home/lewisb/documents/repos/brittonsbash/TODO.md
[Debug 17:30:49.886] LinkProvider: compute - file:///home/lewisb/documents/repos/brittonsbash/TODO.md
[Trace 17:30:50.932] Server: connection.languages.diagnostics.on: file:///home/lewisb/documents/repos/brittonsbash/README.md
[Trace 17:30:51.018] VsCodeClientWorkspace: TextDocument.onDidOpen: file:///home/lewisb/documents/repos/brittonsbash/README.md
[Trace 17:30:51.018] VsCodeClientWorkspace: TextDocument.onDidChanceContent: file:///home/lewisb/documents/repos/brittonsbash/README.md
[Trace 17:30:51.018] Server: connection.languages.diagnostics.on: file:///home/lewisb/documents/repos/brittonsbash/README.md
[Trace 17:30:51.019] DocumentSymbolProvider: provideDocumentSymbols — file:///home/lewisb/documents/repos/brittonsbash/README.md 1
[Debug 17:30:51.019] LinkProvider: compute - file:///home/lewisb/documents/repos/brittonsbash/README.md
[Trace 17:30:51.021] Server: connection.languages.diagnostics.on: file:///home/lewisb/documents/repos/brittonsbash/README.md
[Debug 17:30:51.077] TableOfContentsProvider: create - file:///home/lewisb/documents/repos/brittonsbash/README.md
[Trace 17:30:51.132] Server: connection.languages.diagnostics.on: file:///home/lewisb/documents/repos/brittonsbash/NOTES.md
[Debug 17:30:51.171] MdFoldingProvider: provideFoldingRanges — file:///home/lewisb/documents/repos/brittonsbash/README.md 1
[Trace 17:30:51.368] Server: connection.languages.diagnostics.on: file:///home/lewisb/documents/repos/brittonsbash/TODO.md
[Trace 17:30:51.568] Server: connection.languages.diagnostics.on: file:///home/lewisb/documents/repos/brittonsbash/NOTES.md
[Trace 17:30:51.769] Server: connection.languages.diagnostics.on: file:///home/lewisb/documents/repos/brittonsbash/TODO.md
[Trace 17:30:51.968] Server: connection.languages.diagnostics.on: file:///home/lewisb/documents/repos/brittonsbash/NOTES.md
[Trace 17:30:52.241] Server: connection.languages.diagnostics.on: file:///home/lewisb/documents/repos/brittonsbash/TODO.md
[Debug 17:30:52.241] MdFoldingProvider: provideFoldingRanges — file:///home/lewisb/documents/repos/brittonsbash/README.md 1
[Trace 17:30:52.440] Server: connection.languages.diagnostics.on: file:///home/lewisb/documents/repos/brittonsbash/NOTES.md
[Trace 17:30:52.641] Server: connection.languages.diagnostics.on: file:///home/lewisb/documents/repos/brittonsbash/TODO.md
[Trace 17:30:52.841] Server: connection.languages.diagnostics.on: file:///home/lewisb/documents/repos/brittonsbash/NOTES.md
[Trace 17:30:53.041] Server: connection.languages.diagnostics.on: file:///home/lewisb/documents/repos/brittonsbash/TODO.md
[Trace 17:30:53.242] Server: connection.languages.diagnostics.on: file:///home/lewisb/documents/repos/brittonsbash/NOTES.md
[Trace 17:30:53.441] Server: connection.languages.diagnostics.on: file:///home/lewisb/documents/repos/brittonsbash/TODO.md
[Trace 17:30:53.642] Server: connection.languages.diagnostics.on: file:///home/lewisb/documents/repos/brittonsbash/NOTES.md
[Trace 17:30:53.842] Server: connection.languages.diagnostics.on: file:///home/lewisb/documents/repos/brittonsbash/TODO.md
[Trace 17:30:54.042] Server: connection.languages.diagnostics.on: file:///home/lewisb/documents/repos/brittonsbash/NOTES.md
[Trace 17:30:54.243] Server: connection.languages.diagnostics.on: file:///home/lewisb/documents/repos/brittonsbash/TODO.md
[Trace 17:30:54.443] Server: connection.languages.diagnostics.on: file:///home/lewisb/documents/repos/brittonsbash/NOTES.md
[Trace 17:30:54.644] Server: connection.languages.diagnostics.on: file:///home/lewisb/documents/repos/brittonsbash/TODO.md
[Trace 17:30:54.843] Server: connection.languages.diagnostics.on: file:///home/lewisb/documents/repos/brittonsbash/NOTES.md
[Trace 17:30:55.044] Server: connection.languages.diagnostics.on: file:///home/lewisb/documents/repos/brittonsbash/TODO.md
[Trace 17:30:55.245] Server: connection.languages.diagnostics.on: file:///home/lewisb/documents/repos/brittonsbash/NOTES.md
[Trace 17:30:55.444] Server: connection.languages.diagnostics.on: file:///home/lewisb/documents/repos/brittonsbash/TODO.md
[Trace 17:30:55.645] Server: connection.languages.diagnostics.on: file:///home/lewisb/documents/repos/brittonsbash/NOTES.md
[Trace 17:30:55.846] Server: connection.languages.diagnostics.on: file:///home/lewisb/documents/repos/brittonsbash/TODO.md
[Trace 17:30:56.045] Server: connection.languages.diagnostics.on: file:///home/lewisb/documents/repos/brittonsbash/NOTES.md
[Trace 17:30:56.246] Server: connection.languages.diagnostics.on: file:///home/lewisb/documents/repos/brittonsbash/TODO.md
[Trace 17:30:56.446] Server: connection.languages.diagnostics.on: file:///home/lewisb/documents/repos/brittonsbash/NOTES.md
[Trace 17:30:56.647] Server: connection.languages.diagnostics.on: file:///home/lewisb/documents/repos/brittonsbash/TODO.md
[Trace 17:30:56.846] Server: connection.languages.diagnostics.on: file:///home/lewisb/documents/repos/brittonsbash/NOTES.md
[Trace 17:30:57.047] Server: connection.languages.diagnostics.on: file:///home/lewisb/documents/repos/brittonsbash/TODO.md
[Trace 17:30:57.248] Server: connection.languages.diagnostics.on: file:///home/lewisb/documents/repos/brittonsbash/NOTES.md
[Trace 17:30:57.449] Server: connection.languages.diagnostics.on: file:///home/lewisb/documents/repos/brittonsbash/TODO.md
[Trace 17:30:57.649] Server: connection.languages.diagnostics.on: file:///home/lewisb/documents/repos/brittonsbash/NOTES.md
[Trace 17:30:57.849] Server: connection.languages.diagnostics.on: file:///home/lewisb/documents/repos/brittonsbash/TODO.md
[Trace 17:30:58.049] Server: connection.languages.diagnostics.on: file:///home/lewisb/documents/repos/brittonsbash/NOTES.md
[Trace 17:30:58.249] Server: connection.languages.diagnostics.on: file:///home/lewisb/documents/repos/brittonsbash/TODO.md
[Trace 17:30:58.450] Server: connection.languages.diagnostics.on: file:///home/lewisb/documents/repos/brittonsbash/NOTES.md
[Trace 17:30:58.650] Server: connection.languages.diagnostics.on: file:///home/lewisb/documents/repos/brittonsbash/TODO.md
[Trace 17:30:58.852] Server: connection.languages.diagnostics.on: file:///home/lewisb/documents/repos/brittonsbash/NOTES.md
[Trace 17:30:59.051] Server: connection.languages.diagnostics.on: file:///home/lewisb/documents/repos/brittonsbash/TODO.md
[Trace 17:30:59.251] Server: connection.languages.diagnostics.on: file:///home/lewisb/documents/repos/brittonsbash/NOTES.md
[Trace 17:30:59.452] Server: connection.languages.diagnostics.on: file:///home/lewisb/documents/repos/brittonsbash/TODO.md
[Trace 17:30:59.652] Server: connection.languages.diagnostics.on: file:///home/lewisb/documents/repos/brittonsbash/NOTES.md
[Trace 17:30:59.853] Server: connection.languages.diagnostics.on: file:///home/lewisb/documents/repos/brittonsbash/TODO.md
[Trace 17:31:00.053] Server: connection.languages.diagnostics.on: file:///home/lewisb/documents/repos/brittonsbash/NOTES.md
[Trace 17:31:00.253] Server: connection.languages.diagnostics.on: file:///home/lewisb/documents/repos/brittonsbash/TODO.md
[Trace 17:31:00.453] Server: connection.languages.diagnostics.on: file:///home/lewisb/documents/repos/brittonsbash/NOTES.md
[Trace 17:31:00.654] Server: connection.languages.diagnostics.on: file:///home/lewisb/documents/repos/brittonsbash/TODO.md
[Trace 17:31:00.855] Server: connection.languages.diagnostics.on: file:///home/lewisb/documents/repos/brittonsbash/NOTES.md
[Trace 17:31:01.055] Server: connection.languages.diagnostics.on: file:///home/lewisb/documents/repos/brittonsbash/TODO.md
[Trace 17:31:01.255] Server: connection.languages.diagnostics.on: file:///home/lewisb/documents/repos/brittonsbash/NOTES.md
[Trace 17:31:01.456] Server: connection.languages.diagnostics.on: file:///home/lewisb/documents/repos/brittonsbash/TODO.md
[Trace 17:31:01.656] Server: connection.languages.diagnostics.on: file:///home/lewisb/documents/repos/brittonsbash/NOTES.md
[Trace 17:31:01.856] Server: connection.languages.diagnostics.on: file:///home/lewisb/documents/repos/brittonsbash/TODO.md
[Trace 17:31:02.057] Server: connection.languages.diagnostics.on: file:///home/lewisb/documents/repos/brittonsbash/NOTES.md
[Trace 17:31:02.257] Server: connection.languages.diagnostics.on: file:///home/lewisb/documents/repos/brittonsbash/TODO.md
[Trace 17:31:02.458] Server: connection.languages.diagnostics.on: file:///home/lewisb/documents/repos/brittonsbash/NOTES.md
[Trace 17:31:02.657] Server: connection.languages.diagnostics.on: file:///home/lewisb/documents/repos/brittonsbash/TODO.md
[Trace 17:31:02.858] Server: connection.languages.diagnostics.on: file:///home/lewisb/documents/repos/brittonsbash/NOTES.md
[Trace 17:31:03.057] Server: connection.languages.diagnostics.on: file:///home/lewisb/documents/repos/brittonsbash/TODO.md
[Trace 17:31:03.258] Server: connection.languages.diagnostics.on: file:///home/lewisb/documents/repos/brittonsbash/NOTES.md
[Trace 17:31:03.459] Server: connection.languages.diagnostics.on: file:///home/lewisb/documents/repos/brittonsbash/TODO.md
[Trace 17:31:03.659] Server: connection.languages.diagnostics.on: file:///home/lewisb/documents/repos/brittonsbash/NOTES.md
[Trace 17:31:03.859] Server: connection.languages.diagnostics.on: file:///home/lewisb/documents/repos/brittonsbash/TODO.md
[Trace 17:31:04.059] Server: connection.languages.diagnostics.on: file:///home/lewisb/documents/repos/brittonsbash/NOTES.md
[Trace 17:31:04.261] Server: connection.languages.diagnostics.on: file:///home/lewisb/documents/repos/brittonsbash/TODO.md
[Trace 17:31:04.461] Server: connection.languages.diagnostics.on: file:///home/lewisb/documents/repos/brittonsbash/NOTES.md
[Trace 17:31:04.660] Server: connection.languages.diagnostics.on: file:///home/lewisb/documents/repos/brittonsbash/TODO.md
[Trace 17:31:04.862] Server: connection.languages.diagnostics.on: file:///home/lewisb/documents/repos/brittonsbash/NOTES.md
[Trace 17:31:05.063] Server: connection.languages.diagnostics.on: file:///home/lewisb/documents/repos/brittonsbash/TODO.md
[Trace 17:31:05.263] Server: connection.languages.diagnostics.on: file:///home/lewisb/documents/repos/brittonsbash/NOTES.md
[Trace 17:31:05.464] Server: connection.languages.diagnostics.on: file:///home/lewisb/documents/repos/brittonsbash/TODO.md
[Trace 17:31:05.662] Server: connection.languages.diagnostics.on: file:///home/lewisb/documents/repos/brittonsbash/NOTES.md
[Trace 17:31:05.863] Server: connection.languages.diagnostics.on: file:///home/lewisb/documents/repos/brittonsbash/TODO.md
[Trace 17:31:06.064] Server: connection.languages.diagnostics.on: file:///home/lewisb/documents/repos/brittonsbash/NOTES.md
[Trace 17:31:06.263] Server: connection.languages.diagnostics.on: file:///home/lewisb/documents/repos/brittonsbash/TODO.md
[Trace 17:31:06.465] Server: connection.languages.diagnostics.on: file:///home/lewisb/documents/repos/brittonsbash/NOTES.md
[Trace 17:31:06.664] Server: connection.languages.diagnostics.on: file:///home/lewisb/documents/repos/brittonsbash/TODO.md
[Trace 17:31:06.864] Server: connection.languages.diagnostics.on: file:///home/lewisb/documents/repos/brittonsbash/NOTES.md
[Trace 17:31:07.064] Server: connection.languages.diagnostics.on: file:///home/lewisb/documents/repos/brittonsbash/TODO.md
[Trace 17:31:07.264] Server: connection.languages.diagnostics.on: file:///home/lewisb/documents/repos/brittonsbash/NOTES.md
[Trace 17:31:07.465] Server: connection.languages.diagnostics.on: file:///home/lewisb/documents/repos/brittonsbash/TODO.md
[Trace 17:31:07.663] Server: connection.languages.diagnostics.on: file:///home/lewisb/documents/repos/brittonsbash/NOTES.md
[Trace 17:31:07.864] Server: connection.languages.diagnostics.on: file:///home/lewisb/documents/repos/brittonsbash/TODO.md
[Trace 17:31:08.064] Server: connection.languages.diagnostics.on: file:///home/lewisb/documents/repos/brittonsbash/NOTES.md
[Trace 17:31:08.264] Server: connection.languages.diagnostics.on: file:///home/lewisb/documents/repos/brittonsbash/TODO.md
[Trace 17:31:08.464] Server: connection.languages.diagnostics.on: file:///home/lewisb/documents/repos/brittonsbash/NOTES.md
[Trace 17:31:08.663] Server: connection.languages.diagnostics.on: file:///home/lewisb/documents/repos/brittonsbash/TODO.md
[Trace 17:31:08.863] Server: connection.languages.diagnostics.on: file:///home/lewisb/documents/repos/brittonsbash/NOTES.md
[Trace 17:31:09.063] Server: connection.languages.diagnostics.on: file:///home/lewisb/documents/repos/brittonsbash/TODO.md
[Trace 17:31:09.264] Server: connection.languages.diagnostics.on: file:///home/lewisb/documents/repos/brittonsbash/NOTES.md
[Trace 17:31:09.465] Server: connection.languages.diagnostics.on: file:///home/lewisb/documents/repos/brittonsbash/TODO.md
[Trace 17:31:09.666] Server: connection.languages.diagnostics.on: file:///home/lewisb/documents/repos/brittonsbash/NOTES.md
[Trace 17:31:09.867] Server: connection.languages.diagnostics.on: file:///home/lewisb/documents/repos/brittonsbash/TODO.md
[Trace 17:31:10.067] Server: connection.languages.diagnostics.on: file:///home/lewisb/documents/repos/brittonsbash/NOTES.md
[Trace 17:31:10.267] Server: connection.languages.diagnostics.on: file:///home/lewisb/documents/repos/brittonsbash/TODO.md
[Trace 17:31:10.468] Server: connection.languages.diagnostics.on: file:///home/lewisb/documents/repos/brittonsbash/NOTES.md
[Trace 17:31:10.667] Server: connection.languages.diagnostics.on: file:///home/lewisb/documents/repos/brittonsbash/TODO.md
[Trace 17:31:10.868] Server: connection.languages.diagnostics.on: file:///home/lewisb/documents/repos/brittonsbash/NOTES.md
[Trace 17:31:11.068] Server: connection.languages.diagnostics.on: file:///home/lewisb/documents/repos/brittonsbash/TODO.md
[Trace 17:31:11.268] Server: connection.languages.diagnostics.on: file:///home/lewisb/documents/repos/brittonsbash/NOTES.md
[Trace 17:31:11.469] Server: connection.languages.diagnostics.on: file:///home/lewisb/documents/repos/brittonsbash/TODO.md
[Trace 17:31:11.669] Server: connection.languages.diagnostics.on: file:///home/lewisb/documents/repos/brittonsbash/NOTES.md
[Trace 17:31:11.869] Server: connection.languages.diagnostics.on: file:///home/lewisb/documents/repos/brittonsbash/TODO.md
[Trace 17:31:12.069] Server: connection.languages.diagnostics.on: file:///home/lewisb/documents/repos/brittonsbash/NOTES.md
[Trace 17:31:12.270] Server: connection.languages.diagnostics.on: file:///home/lewisb/documents/repos/brittonsbash/TODO.md
[Trace 17:31:12.470] Server: connection.languages.diagnostics.on: file:///home/lewisb/documents/repos/brittonsbash/NOTES.md
[Trace 17:31:12.670] Server: connection.languages.diagnostics.on: file:///home/lewisb/documents/repos/brittonsbash/TODO.md
[Trace 17:31:12.871] Server: connection.languages.diagnostics.on: file:///home/lewisb/documents/repos/brittonsbash/NOTES.md
[Trace 17:31:13.071] Server: connection.languages.diagnostics.on: file:///home/lewisb/documents/repos/brittonsbash/TODO.md
[Trace 17:31:13.271] Server: connection.languages.diagnostics.on: file:///home/lewisb/documents/repos/brittonsbash/NOTES.md
[Trace 17:31:13.472] Server: connection.languages.diagnostics.on: file:///home/lewisb/documents/repos/brittonsbash/TODO.md
[Trace 17:31:13.671] Server: connection.languages.diagnostics.on: file:///home/lewisb/documents/repos/brittonsbash/NOTES.md
[Trace 17:31:13.872] Server: connection.languages.diagnostics.on: file:///home/lewisb/documents/repos/brittonsbash/TODO.md
[Trace 17:31:14.073] Server: connection.languages.diagnostics.on: file:///home/lewisb/documents/repos/brittonsbash/NOTES.md
[Trace 17:31:14.273] Server: connection.languages.diagnostics.on: file:///home/lewisb/documents/repos/brittonsbash/TODO.md
[Trace 17:31:14.474] Server: connection.languages.diagnostics.on: file:///home/lewisb/documents/repos/brittonsbash/NOTES.md
[Trace 17:31:14.675] Server: connection.languages.diagnostics.on: file:///home/lewisb/documents/repos/brittonsbash/TODO.md
[Trace 17:31:14.874] Server: connection.languages.diagnostics.on: file:///home/lewisb/documents/repos/brittonsbash/NOTES.md
[Trace 17:31:14.891] VsCodeClientWorkspace: TextDocument.onDidChanceContent: file:///home/lewisb/documents/repos/brittonsbash/README.md
[Trace 17:31:14.891] Server: connection.languages.diagnostics.on: file:///home/lewisb/documents/repos/brittonsbash/README.md
[Debug 17:31:15.063] MdFoldingProvider: provideFoldingRanges — file:///home/lewisb/documents/repos/brittonsbash/README.md 2
[Debug 17:31:15.063] TableOfContentsProvider: create - file:///home/lewisb/documents/repos/brittonsbash/README.md
[Trace 17:31:15.088] Server: connection.languages.diagnostics.on: file:///home/lewisb/documents/repos/brittonsbash/TODO.md
[Debug 17:31:15.121] LinkProvider: compute - file:///home/lewisb/documents/repos/brittonsbash/README.md
[Trace 17:31:15.213] DocumentSymbolProvider: provideDocumentSymbols — file:///home/lewisb/documents/repos/brittonsbash/README.md 2
[Trace 17:31:15.403] Server: connection.languages.diagnostics.on: file:///home/lewisb/documents/repos/brittonsbash/NOTES.md
[Trace 17:31:15.825] VsCodeClientWorkspace: onDidChangeWatchedFiles: 2: file:///home/lewisb/documents/repos/brittonsbash/README.md
[Debug 17:31:15.868] LinkProvider: compute - file:///home/lewisb/documents/repos/brittonsbash/README.md
[Trace 17:31:23.911] VsCodeClientWorkspace: TextDocument.onDidClose: file:///home/lewisb/documents/repos/brittonsbash/README.md
[Trace 17:31:23.912] Server: connection.languages.diagnostics.on: file:///home/lewisb/documents/repos/brittonsbash/TODO.md
[Debug 17:31:24.049] MdFoldingProvider: provideFoldingRanges — file:///home/lewisb/documents/repos/brittonsbash/TODO.md 4
[Debug 17:31:24.049] TableOfContentsProvider: create - file:///home/lewisb/documents/repos/brittonsbash/TODO.md
[Trace 17:44:21.539] DocumentSymbolProvider: provideDocumentSymbols — file:///home/lewisb/documents/repos/brittonsbash/TODO.md 0
[Trace 17:44:21.539] DocumentSymbolProvider: provideDocumentSymbols — file:///home/lewisb/documents/repos/brittonsbash/NOTES.md 0
[Trace 17:44:21.539] DocumentSymbolProvider: provideDocumentSymbols — file:///home/lewisb/documents/repos/brittonsbash/README.md 0
[Debug 17:44:21.539] TableOfContentsProvider: create - file:///home/lewisb/documents/repos/brittonsbash/NOTES.md
[Debug 17:44:21.539] TableOfContentsProvider: create - file:///home/lewisb/documents/repos/brittonsbash/README.md
[Trace 17:44:26.667] Server: connection.languages.diagnostics.on: file:///home/lewisb/documents/repos/brittonsbash/NOTES.md
[Trace 17:44:26.867] Server: connection.languages.diagnostics.on: file:///home/lewisb/documents/repos/brittonsbash/TODO.md
[Trace 20:40:43.002] Server: connection.languages.diagnostics.on: file:///home/lewisb/documents/repos/brittonsbash/NOTES.md
[Debug 20:40:43.045] LinkProvider: compute - file:///home/lewisb/documents/repos/brittonsbash/NOTES.md
[Debug 20:40:43.127] MdFoldingProvider: provideFoldingRanges — file:///home/lewisb/documents/repos/brittonsbash/NOTES.md 3
[Trace 20:40:45.160] Server: connection.languages.diagnostics.on: file:///home/lewisb/documents/repos/brittonsbash/TODO.md
[Trace 20:40:45.477] Server: connection.languages.diagnostics.on: file:///home/lewisb/documents/repos/brittonsbash/NOTES.md
[Trace 20:40:48.736] Server: connection.languages.diagnostics.on: file:///home/lewisb/documents/repos/brittonsbash/TODO.md
[Debug 20:40:48.864] MdFoldingProvider: provideFoldingRanges — file:///home/lewisb/documents/repos/brittonsbash/TODO.md 4
[Trace 20:40:50.566] Server: connection.languages.diagnostics.on: file:///home/lewisb/documents/repos/brittonsbash/NOTES.md
[Trace 20:40:50.823] Server: connection.languages.diagnostics.on: file:///home/lewisb/documents/repos/brittonsbash/TODO.md
[Debug 20:40:50.823] MdFoldingProvider: provideFoldingRanges — file:///home/lewisb/documents/repos/brittonsbash/NOTES.md 3
[Trace 21:15:34.642] Server: connection.languages.diagnostics.on: file:///home/lewisb/documents/repos/brittonsbash/TODO.md
[Trace 21:15:34.842] Server: connection.languages.diagnostics.on: file:///home/lewisb/documents/repos/brittonsbash/NOTES.md
[Trace 21:23:35.821] Server: connection.languages.diagnostics.on: file:///home/lewisb/documents/repos/brittonsbash/NOTES.md
[Debug 21:23:35.885] MdFoldingProvider: provideFoldingRanges — file:///home/lewisb/documents/repos/brittonsbash/NOTES.md 3
[Trace 21:23:44.189] Server: connection.languages.diagnostics.on: file:///home/lewisb/documents/repos/brittonsbash/TODO.md
[Trace 21:23:44.503] Server: connection.languages.diagnostics.on: file:///home/lewisb/documents/repos/brittonsbash/NOTES.md
[Trace 21:23:44.841] Server: connection.languages.diagnostics.on: file:///home/lewisb/documents/repos/brittonsbash/NOTES.md
[Debug 21:23:45.004] MdFoldingProvider: provideFoldingRanges — file:///home/lewisb/documents/repos/brittonsbash/NOTES.md 3
[Trace 21:23:45.492] Server: connection.languages.diagnostics.on: file:///home/lewisb/documents/repos/brittonsbash/TODO.md
[Trace 21:23:45.824] Server: connection.languages.diagnostics.on: file:///home/lewisb/documents/repos/brittonsbash/NOTES.md
[Debug 21:23:45.836] MdFoldingProvider: provideFoldingRanges — file:///home/lewisb/documents/repos/brittonsbash/TODO.md 4
[Trace 21:23:47.486] VsCodeClientWorkspace: TextDocument.onDidClose: file:///home/lewisb/documents/repos/brittonsbash/TODO.md
[Trace 21:23:47.486] Server: connection.languages.diagnostics.on: file:///home/lewisb/documents/repos/brittonsbash/NOTES.md
[Debug 21:23:47.631] MdFoldingProvider: provideFoldingRanges — file:///home/lewisb/documents/repos/brittonsbash/NOTES.md 3
[Trace 21:23:50.310] Server: connection.languages.diagnostics.on: file:///home/lewisb/documents/repos/brittonsbash/TODO.md
[Trace 21:23:50.374] VsCodeClientWorkspace: TextDocument.onDidOpen: file:///home/lewisb/documents/repos/brittonsbash/TODO.md
[Trace 21:23:50.376] VsCodeClientWorkspace: TextDocument.onDidChanceContent: file:///home/lewisb/documents/repos/brittonsbash/TODO.md
[Trace 21:23:50.378] Server: connection.languages.diagnostics.on: file:///home/lewisb/documents/repos/brittonsbash/TODO.md
[Trace 21:23:50.379] DocumentSymbolProvider: provideDocumentSymbols — file:///home/lewisb/documents/repos/brittonsbash/TODO.md 4
[Debug 21:23:50.380] LinkProvider: compute - file:///home/lewisb/documents/repos/brittonsbash/TODO.md
[Trace 21:23:50.381] Server: connection.languages.diagnostics.on: file:///home/lewisb/documents/repos/brittonsbash/TODO.md
[Debug 21:23:50.394] TableOfContentsProvider: create - file:///home/lewisb/documents/repos/brittonsbash/TODO.md
[Trace 21:23:50.507] Server: connection.languages.diagnostics.on: file:///home/lewisb/documents/repos/brittonsbash/NOTES.md
[Debug 21:23:50.522] MdFoldingProvider: provideFoldingRanges — file:///home/lewisb/documents/repos/brittonsbash/TODO.md 4
[Trace 21:23:50.706] Server: connection.languages.diagnostics.on: file:///home/lewisb/documents/repos/brittonsbash/NOTES.md
[Trace 21:23:50.907] Server: connection.languages.diagnostics.on: file:///home/lewisb/documents/repos/brittonsbash/NOTES.md
[Trace 21:23:51.107] Server: connection.languages.diagnostics.on: file:///home/lewisb/documents/repos/brittonsbash/NOTES.md
[Trace 21:23:51.306] Server: connection.languages.diagnostics.on: file:///home/lewisb/documents/repos/brittonsbash/NOTES.md
[Trace 21:23:51.507] Server: connection.languages.diagnostics.on: file:///home/lewisb/documents/repos/brittonsbash/NOTES.md
[Trace 21:23:51.708] Server: connection.languages.diagnostics.on: file:///home/lewisb/documents/repos/brittonsbash/NOTES.md
[Trace 21:23:51.908] Server: connection.languages.diagnostics.on: file:///home/lewisb/documents/repos/brittonsbash/NOTES.md
[Trace 21:23:52.109] Server: connection.languages.diagnostics.on: file:///home/lewisb/documents/repos/brittonsbash/NOTES.md
[Trace 21:23:52.309] Server: connection.languages.diagnostics.on: file:///home/lewisb/documents/repos/brittonsbash/NOTES.md
[Trace 21:23:52.509] Server: connection.languages.diagnostics.on: file:///home/lewisb/documents/repos/brittonsbash/NOTES.md
[Trace 21:23:52.709] Server: connection.languages.diagnostics.on: file:///home/lewisb/documents/repos/brittonsbash/NOTES.md
[Trace 21:23:52.909] Server: connection.languages.diagnostics.on: file:///home/lewisb/documents/repos/brittonsbash/NOTES.md
[Trace 21:23:53.110] Server: connection.languages.diagnostics.on: file:///home/lewisb/documents/repos/brittonsbash/NOTES.md
[Trace 21:23:53.311] Server: connection.languages.diagnostics.on: file:///home/lewisb/documents/repos/brittonsbash/NOTES.md
[Trace 21:23:53.511] Server: connection.languages.diagnostics.on: file:///home/lewisb/documents/repos/brittonsbash/NOTES.md
[Trace 21:23:53.710] Server: connection.languages.diagnostics.on: file:///home/lewisb/documents/repos/brittonsbash/NOTES.md
[Trace 21:23:53.911] Server: connection.languages.diagnostics.on: file:///home/lewisb/documents/repos/brittonsbash/NOTES.md
[Trace 21:23:54.110] Server: connection.languages.diagnostics.on: file:///home/lewisb/documents/repos/brittonsbash/NOTES.md
[Trace 21:23:54.310] Server: connection.languages.diagnostics.on: file:///home/lewisb/documents/repos/brittonsbash/NOTES.md
[Trace 21:23:54.512] Server: connection.languages.diagnostics.on: file:///home/lewisb/documents/repos/brittonsbash/NOTES.md
[Trace 21:23:54.712] Server: connection.languages.diagnostics.on: file:///home/lewisb/documents/repos/brittonsbash/NOTES.md
[Trace 21:23:54.911] Server: connection.languages.diagnostics.on: file:///home/lewisb/documents/repos/brittonsbash/NOTES.md
[Trace 21:23:55.113] Server: connection.languages.diagnostics.on: file:///home/lewisb/documents/repos/brittonsbash/NOTES.md
[Trace 21:23:55.313] Server: connection.languages.diagnostics.on: file:///home/lewisb/documents/repos/brittonsbash/NOTES.md
[Trace 21:23:55.513] Server: connection.languages.diagnostics.on: file:///home/lewisb/documents/repos/brittonsbash/NOTES.md
[Trace 21:23:55.713] Server: connection.languages.diagnostics.on: file:///home/lewisb/documents/repos/brittonsbash/NOTES.md
[Trace 21:23:55.914] Server: connection.languages.diagnostics.on: file:///home/lewisb/documents/repos/brittonsbash/NOTES.md
[Trace 21:23:56.114] Server: connection.languages.diagnostics.on: file:///home/lewisb/documents/repos/brittonsbash/NOTES.md
[Trace 21:23:56.313] Server: connection.languages.diagnostics.on: file:///home/lewisb/documents/repos/brittonsbash/NOTES.md
[Trace 21:23:56.513] Server: connection.languages.diagnostics.on: file:///home/lewisb/documents/repos/brittonsbash/NOTES.md
[Trace 21:23:56.714] Server: connection.languages.diagnostics.on: file:///home/lewisb/documents/repos/brittonsbash/NOTES.md
[Trace 21:23:56.913] Server: connection.languages.diagnostics.on: file:///home/lewisb/documents/repos/brittonsbash/NOTES.md
[Trace 21:23:57.113] Server: connection.languages.diagnostics.on: file:///home/lewisb/documents/repos/brittonsbash/NOTES.md
[Trace 21:23:57.315] Server: connection.languages.diagnostics.on: file:///home/lewisb/documents/repos/brittonsbash/NOTES.md
[Trace 21:23:57.515] Server: connection.languages.diagnostics.on: file:///home/lewisb/documents/repos/brittonsbash/NOTES.md
[Trace 21:23:57.715] Server: connection.languages.diagnostics.on: file:///home/lewisb/documents/repos/brittonsbash/NOTES.md
[Trace 21:23:57.914] Server: connection.languages.diagnostics.on: file:///home/lewisb/documents/repos/brittonsbash/NOTES.md
[Trace 21:23:58.114] Server: connection.languages.diagnostics.on: file:///home/lewisb/documents/repos/brittonsbash/NOTES.md
[Trace 21:23:58.314] Server: connection.languages.diagnostics.on: file:///home/lewisb/documents/repos/brittonsbash/NOTES.md
[Trace 21:23:58.515] Server: connection.languages.diagnostics.on: file:///home/lewisb/documents/repos/brittonsbash/NOTES.md
[Trace 21:23:58.715] Server: connection.languages.diagnostics.on: file:///home/lewisb/documents/repos/brittonsbash/NOTES.md
[Trace 21:23:58.915] Server: connection.languages.diagnostics.on: file:///home/lewisb/documents/repos/brittonsbash/NOTES.md
[Trace 21:23:59.115] Server: connection.languages.diagnostics.on: file:///home/lewisb/documents/repos/brittonsbash/NOTES.md
[Trace 21:23:59.316] Server: connection.languages.diagnostics.on: file:///home/lewisb/documents/repos/brittonsbash/NOTES.md
[Trace 21:23:59.516] Server: connection.languages.diagnostics.on: file:///home/lewisb/documents/repos/brittonsbash/NOTES.md
[Trace 21:23:59.717] Server: connection.languages.diagnostics.on: file:///home/lewisb/documents/repos/brittonsbash/NOTES.md
[Trace 21:23:59.917] Server: connection.languages.diagnostics.on: file:///home/lewisb/documents/repos/brittonsbash/NOTES.md
[Trace 21:24:00.116] Server: connection.languages.diagnostics.on: file:///home/lewisb/documents/repos/brittonsbash/NOTES.md
[Trace 21:24:00.317] Server: connection.languages.diagnostics.on: file:///home/lewisb/documents/repos/brittonsbash/NOTES.md
[Trace 21:24:00.518] Server: connection.languages.diagnostics.on: file:///home/lewisb/documents/repos/brittonsbash/NOTES.md
[Trace 21:24:00.718] Server: connection.languages.diagnostics.on: file:///home/lewisb/documents/repos/brittonsbash/NOTES.md
[Trace 21:24:00.917] Server: connection.languages.diagnostics.on: file:///home/lewisb/documents/repos/brittonsbash/NOTES.md
[Trace 21:24:01.118] Server: connection.languages.diagnostics.on: file:///home/lewisb/documents/repos/brittonsbash/NOTES.md
[Trace 21:24:01.319] Server: connection.languages.diagnostics.on: file:///home/lewisb/documents/repos/brittonsbash/NOTES.md
[Trace 21:24:01.520] Server: connection.languages.diagnostics.on: file:///home/lewisb/documents/repos/brittonsbash/NOTES.md
[Trace 21:24:01.721] Server: connection.languages.diagnostics.on: file:///home/lewisb/documents/repos/brittonsbash/NOTES.md
[Trace 21:24:01.922] Server: connection.languages.diagnostics.on: file:///home/lewisb/documents/repos/brittonsbash/NOTES.md
[Trace 21:24:02.123] Server: connection.languages.diagnostics.on: file:///home/lewisb/documents/repos/brittonsbash/NOTES.md
[Trace 21:24:02.325] Server: connection.languages.diagnostics.on: file:///home/lewisb/documents/repos/brittonsbash/NOTES.md
[Trace 21:24:02.525] Server: connection.languages.diagnostics.on: file:///home/lewisb/documents/repos/brittonsbash/NOTES.md
[Trace 21:24:02.724] Server: connection.languages.diagnostics.on: file:///home/lewisb/documents/repos/brittonsbash/NOTES.md
[Trace 21:24:02.924] Server: connection.languages.diagnostics.on: file:///home/lewisb/documents/repos/brittonsbash/NOTES.md
[Trace 21:24:03.126] Server: connection.languages.diagnostics.on: file:///home/lewisb/documents/repos/brittonsbash/TODO.md
[Trace 21:29:20.238] Server: connection.languages.diagnostics.on: file:///home/lewisb/documents/repos/brittonsbash/TODO.md
[Debug 21:29:20.328] MdFoldingProvider: provideFoldingRanges — file:///home/lewisb/documents/repos/brittonsbash/TODO.md 4
[Trace 21:29:22.080] VsCodeClientWorkspace: TextDocument.onDidChanceContent: file:///home/lewisb/documents/repos/brittonsbash/TODO.md
[Trace 21:29:22.081] Server: connection.languages.diagnostics.on: file:///home/lewisb/documents/repos/brittonsbash/TODO.md
[Debug 21:29:22.240] MdFoldingProvider: provideFoldingRanges — file:///home/lewisb/documents/repos/brittonsbash/TODO.md 5
[Debug 21:29:22.241] TableOfContentsProvider: create - file:///home/lewisb/documents/repos/brittonsbash/TODO.md
[Trace 21:29:22.284] Server: connection.languages.diagnostics.on: file:///home/lewisb/documents/repos/brittonsbash/NOTES.md
[Debug 21:29:22.286] LinkProvider: compute - file:///home/lewisb/documents/repos/brittonsbash/TODO.md
[Trace 21:29:22.464] DocumentSymbolProvider: provideDocumentSymbols — file:///home/lewisb/documents/repos/brittonsbash/TODO.md 5
[Trace 21:29:22.789] VsCodeClientWorkspace: onDidChangeWatchedFiles: 2: file:///home/lewisb/documents/repos/brittonsbash/TODO.md
[Debug 21:29:23.040] LinkProvider: compute - file:///home/lewisb/documents/repos/brittonsbash/TODO.md
[Trace 21:30:46.702] VsCodeClientWorkspace: TextDocument.onDidClose: file:///home/lewisb/documents/repos/brittonsbash/TODO.md
[Trace 21:30:46.702] Server: connection.languages.diagnostics.on: file:///home/lewisb/documents/repos/brittonsbash/NOTES.md
[Debug 21:30:46.875] MdFoldingProvider: provideFoldingRanges — file:///home/lewisb/documents/repos/brittonsbash/NOTES.md 3
[Trace 21:30:48.088] Server: connection.languages.diagnostics.on: file:///home/lewisb/documents/repos/brittonsbash/NOTES.md
[Trace 21:30:48.873] Server: connection.languages.diagnostics.on: file:///home/lewisb/documents/repos/brittonsbash/NOTES.md
[Debug 21:30:48.980] MdFoldingProvider: provideFoldingRanges — file:///home/lewisb/documents/repos/brittonsbash/NOTES.md 3
