2024-03-14 22:32:46.147 [info] Validating found git in: git
2024-03-14 22:32:46.147 [info] Using git 2.38.1 from git
2024-03-14 22:32:46.147 [info] > git rev-parse --show-toplevel [7ms]
2024-03-14 22:32:46.147 [info] > git rev-parse --git-dir --git-common-dir [4ms]
2024-03-14 22:32:46.147 [info] Log level: Info
2024-03-14 22:32:46.147 [info] Open repository: /home/lewisb/documents/repos/brittonsbash
2024-03-14 22:32:46.147 [info] > git status -z -uall [553ms]
2024-03-14 22:32:46.147 [info] > git remote --verbose [575ms]
2024-03-14 22:32:46.147 [info] > git for-each-ref --sort -committerdate --format %(refname) %(objectname) %(*objectname) [609ms]
2024-03-14 22:32:46.147 [info] > git config --get commit.template [527ms]
2024-03-14 22:32:46.147 [info] > git rev-parse --show-toplevel [550ms]
2024-03-14 22:32:46.147 [info] > git rev-parse --show-toplevel [66ms]
2024-03-14 22:32:46.147 [info] > git for-each-ref --format=%(refname)%00%(upstream:short)%00%(objectname)%00%(upstream:track)%00%(upstream:remotename)%00%(upstream:remoteref) refs/heads/master refs/remotes/master [22ms]
2024-03-14 22:32:46.147 [info] > git status -z -uall [77ms]
2024-03-14 22:32:46.147 [info] > git for-each-ref --sort -committerdate --format %(refname) %(objectname) %(*objectname) [130ms]
2024-03-14 22:32:46.147 [info] > git rev-parse --show-toplevel [224ms]
2024-03-14 22:32:46.147 [info] > git config --get commit.template [83ms]
2024-03-14 22:32:46.147 [info] > git remote --verbose [131ms]
2024-03-14 22:32:46.147 [info] > git rev-parse --show-toplevel [9ms]
2024-03-14 22:32:46.147 [info] > git rev-parse --show-toplevel [24ms]
2024-03-14 22:32:46.147 [info] > git for-each-ref --format=%(refname)%00%(upstream:short)%00%(objectname)%00%(upstream:track)%00%(upstream:remotename)%00%(upstream:remoteref) refs/heads/master refs/remotes/master [11ms]
2024-03-14 22:32:46.147 [info] > git rev-parse --show-toplevel [11ms]
2024-03-14 22:32:46.147 [info] > git check-ignore -v -z --stdin [22ms]
2024-03-14 22:32:46.149 [info] > git show --textconv :src/data/aggregate/activity.data.ts [42ms]
2024-03-14 22:32:46.152 [info] > git ls-files --stage -- /home/lewisb/documents/repos/brittonsbash/src/data/aggregate/activity.data.ts [6ms]
2024-03-14 22:32:46.202 [info] > git cat-file -s 9a54bb36c68b14b112d9e33be01386b059eb4566 [4ms]
